#
# A fatal error has been detected by the Java Runtime Environment:
#
#  Internal Error (t:/workspace/open/src/hotspot/share/utilities/constantTag.cpp:60), pid=16312, tid=13496
#  Error: ShouldNotReachHere()
#
# JRE version: Java(TM) SE Runtime Environment (10.0.2+13) (build 10.0.2+13)
# Java VM: Java HotSpot(TM) 64-Bit Server VM (10.0.2+13, mixed mode, tiered, compressed oops, g1 gc, windows-amd64)
# No core dump will be written. Minidumps are not enabled by default on client versions of Windows
#
# If you would like to submit a bug report, please visit:
#   http://bugreport.java.com/bugreport/crash.jsp
#

---------------  S U M M A R Y ------------

Command Line: -agentlib:jdwp=transport=dt_socket,address=127.0.0.1:56090,suspend=y,server=n -javaagent:C:\Users\38066\.IntelliJIdea2018.2\system\captureAgent\debugger-agent.jar=file:/C:/Users/38066/AppData/Local/Temp/capture.props -Dfile.encoding=UTF-8 Main

Host: Intel(R) Core(TM) i5-8250U CPU @ 1.60GHz, 8 cores, 7G,  Windows 10 , 64 bit Build 17134 (10.0.17134.1)
Time: Tue Nov 13 09:38:39 2018 Ea?onaeeineia a?aiy (ceia) elapsed time: 3565 seconds (0d 0h 59m 25s)

---------------  T H R E A D  ---------------

Current thread (0x0000029128396000):  VMThread "VM Thread" [stack: 0x000000ee32900000,0x000000ee32a00000] [id=13496]

Stack: [0x000000ee32900000,0x000000ee32a00000]
[error occurred during error reporting (printing stack bounds), id 0xe0000000]

Native frames: (J=compiled Java code, j=interpreted, Vv=VM code, C=native code)
V  [jvm.dll+0x5a01a9]
V  [jvm.dll+0x6bcf31]
V  [jvm.dll+0x6be126]
V  [jvm.dll+0x6be715]
V  [jvm.dll+0x6be6cb]
V  [jvm.dll+0x59f993]
V  [jvm.dll+0x59fda8]
C  [ntdll.dll+0x9ed2d]
C  [ntdll.dll+0x6c86]
C  [ntdll.dll+0x9dc5e]
C  0x0000029111310ead

VM_Operation (0x000000ee333ff090): GetOrSetLocal, mode: safepoint, requested by thread 0x0000029128ed9000


---------------  P R O C E S S  ---------------

Threads class SMR info:
_java_thread_list=0x000002912931a8b0, length=15, elements={
0x0000029104766000, 0x000002912839c000, 0x00000291283a6800, 0x0000029128d05800,
0x0000029128d06000, 0x0000029128d0b000, 0x0000029128d0b800, 0x0000029128d0f000,
0x00000291283b8000, 0x0000029128d35000, 0x0000029128ed9000, 0x000002912922b800,
0x0000029128fce000, 0x000002912924c000, 0x00000291293b7800
}

Java Threads: ( => current thread )
  0x0000029104766000 JavaThread "main" [_thread_blocked, id=11420, stack(0x000000ee31400000,0x000000ee31500000)]
  0x000002912839c000 JavaThread "Reference Handler" daemon [_thread_blocked, id=15712, stack(0x000000ee32a00000,0x000000ee32b00000)]
  0x00000291283a6800 JavaThread "Finalizer" daemon [_thread_blocked, id=10688, stack(0x000000ee32b00000,0x000000ee32c00000)]
  0x0000029128d05800 JavaThread "Signal Dispatcher" daemon [_thread_blocked, id=8280, stack(0x000000ee32c00000,0x000000ee32d00000)]
  0x0000029128d06000 JavaThread "Attach Listener" daemon [_thread_blocked, id=4228, stack(0x000000ee32d00000,0x000000ee32e00000)]
  0x0000029128d0b000 JavaThread "C2 CompilerThread0" daemon [_thread_blocked, id=11832, stack(0x000000ee32e00000,0x000000ee32f00000)]
  0x0000029128d0b800 JavaThread "C2 CompilerThread1" daemon [_thread_blocked, id=5228, stack(0x000000ee32f00000,0x000000ee33000000)]
  0x0000029128d0f000 JavaThread "C2 CompilerThread2" daemon [_thread_blocked, id=16352, stack(0x000000ee33000000,0x000000ee33100000)]
  0x00000291283b8000 JavaThread "C1 CompilerThread3" daemon [_thread_blocked, id=15808, stack(0x000000ee33100000,0x000000ee33200000)]
  0x0000029128d35000 JavaThread "Sweeper thread" daemon [_thread_blocked, id=10780, stack(0x000000ee33200000,0x000000ee33300000)]
  0x0000029128ed9000 JavaThread "JDWP Transport Listener: dt_socket" daemon [_thread_blocked, id=16228, stack(0x000000ee33300000,0x000000ee33400000)] _threads_hazard_ptr=0x000002912931a8b0
  0x000002912922b800 JavaThread "JDWP Event Helper Thread" daemon [_thread_blocked, id=9964, stack(0x000000ee33400000,0x000000ee33500000)]
  0x0000029128fce000 JavaThread "JDWP Command Reader" daemon [_thread_in_native, id=15756, stack(0x000000ee33500000,0x000000ee33600000)]
  0x000002912924c000 JavaThread "Common-Cleaner" daemon [_thread_blocked, id=14624, stack(0x000000ee33600000,0x000000ee33700000)]
  0x00000291293b7800 JavaThread "Service Thread" daemon [_thread_blocked, id=8780, stack(0x000000ee33700000,0x000000ee33800000)]

Other Threads:
=>0x0000029128396000 VMThread "VM Thread" [stack: 0x000000ee32900000,0x000000ee32a00000] [id=13496]
  0x000002912901d000 WatcherThread [stack: 0x000000ee33800000,0x000000ee33900000] [id=2368]
  0x0000029104780800 GCTaskThread "GC Thread#0" [stack: 0x000000ee31500000,0x000000ee31600000] [id=9808]
  0x0000029104782000 GCTaskThread "GC Thread#1" [stack: 0x000000ee31600000,0x000000ee31700000] [id=16216]
  0x0000029104783800 GCTaskThread "GC Thread#2" [stack: 0x000000ee31700000,0x000000ee31800000] [id=1228]
  0x0000029104786000 GCTaskThread "GC Thread#3" [stack: 0x000000ee31800000,0x000000ee31900000] [id=15036]
  0x0000029104788000 GCTaskThread "GC Thread#4" [stack: 0x000000ee31900000,0x000000ee31a00000] [id=11108]
  0x000002910478a800 GCTaskThread "GC Thread#5" [stack: 0x000000ee31a00000,0x000000ee31b00000] [id=14824]
  0x000002910478f000 GCTaskThread "GC Thread#6" [stack: 0x000000ee31b00000,0x000000ee31c00000] [id=7392]
  0x0000029104794000 GCTaskThread "GC Thread#7" [stack: 0x000000ee31c00000,0x000000ee31d00000] [id=15800]
  0x0000029104801800 ConcurrentGCThread "G1 Main Marker" [stack: 0x000000ee31d00000,0x000000ee31e00000] [id=13120]
  0x0000029104802800 ConcurrentGCThread "G1 Conc#0" [stack: 0x000000ee31e00000,0x000000ee31f00000] [id=14780]
  0x0000029104803800 ConcurrentGCThread "G1 Conc#1" [stack: 0x000000ee31f00000,0x000000ee32000000] [id=4544]
  0x000002912820d800 ConcurrentGCThread "G1 Refine#0" [stack: 0x000000ee32000000,0x000000ee32100000] [id=15584]
  0x000002912820e000 ConcurrentGCThread "G1 Refine#1" [stack: 0x000000ee32100000,0x000000ee32200000] [id=7724]
  0x0000029128211000 ConcurrentGCThread "G1 Refine#2" [stack: 0x000000ee32200000,0x000000ee32300000] [id=6840]
  0x0000029128213000 ConcurrentGCThread "G1 Refine#3" [stack: 0x000000ee32300000,0x000000ee32400000] [id=14508]
  0x000002912821e000 ConcurrentGCThread "G1 Refine#4" [stack: 0x000000ee32400000,0x000000ee32500000] [id=5636]
  0x0000029128220000 ConcurrentGCThread "G1 Refine#5" [stack: 0x000000ee32500000,0x000000ee32600000] [id=8812]
  0x0000029128223000 ConcurrentGCThread "G1 Refine#6" [stack: 0x000000ee32600000,0x000000ee32700000] [id=10532]
  0x0000029128225800 ConcurrentGCThread "G1 Refine#7" [stack: 0x000000ee32700000,0x000000ee32800000] [id=15444]
  0x0000029128226000 ConcurrentGCThread "G1 Young RemSet Sampling" [stack: 0x000000ee32800000,0x000000ee32900000] [id=16232]

Threads with active compile tasks:

VM state:at safepoint (normal execution)

VM Mutex/Monitor currently owned by a thread:  ([mutex/lock_event])
[0x0000029104763b30] Threads_lock - owner thread: 0x0000029128396000

Heap address: 0x0000000081e00000, size: 2018 MB, Compressed Oops mode: 32-bit
Narrow klass base: 0x0000000000000000, Narrow klass shift: 3
Compressed class space size: 1073741824 Address: 0x0000000100000000

Heap:
 garbage-first heap   total 131072K, used 5120K [0x0000000081e00000, 0x0000000100000000)
  region size 1024K, 6 young (6144K), 0 survivors (0K)
 Metaspace       used 7372K, capacity 7558K, committed 7680K, reserved 1056768K
  class space    used 615K, capacity 667K, committed 768K, reserved 1048576K
Heap Regions: E=young(eden), S=young(survivor), O=old, HS=humongous(starts), HC=humongous(continues), CS=collection set, F=free, A=archive, TS=gc time stamp, AC=allocation context, TAMS=top-at-mark-start (previous, next)
|   0|0x0000000081e00000, 0x0000000081e00000, 0x0000000081f00000|  0%| F|  |TS  0|AC  0|TAMS 0x0000000081e00000, 0x0000000081e00000|
|   1|0x0000000081f00000, 0x0000000081f00000, 0x0000000082000000|  0%| F|  |TS  0|AC  0|TAMS 0x0000000081f00000, 0x0000000081f00000|
|   2|0x0000000082000000, 0x0000000082000000, 0x0000000082100000|  0%| F|  |TS  0|AC  0|TAMS 0x0000000082000000, 0x0000000082000000|
|   3|0x0000000082100000, 0x0000000082100000, 0x0000000082200000|  0%| F|  |TS  0|AC  0|TAMS 0x0000000082100000, 0x0000000082100000|
|   4|0x0000000082200000, 0x0000000082200000, 0x0000000082300000|  0%| F|  |TS  0|AC  0|TAMS 0x0000000082200000, 0x0000000082200000|
|   5|0x0000000082300000, 0x0000000082300000, 0x0000000082400000|  0%| F|  |TS  0|AC  0|TAMS 0x0000000082300000, 0x0000000082300000|
|   6|0x0000000082400000, 0x0000000082400000, 0x0000000082500000|  0%| F|  |TS  0|AC  0|TAMS 0x0000000082400000, 0x0000000082400000|
|   7|0x0000000082500000, 0x0000000082500000, 0x0000000082600000|  0%| F|  |TS  0|AC  0|TAMS 0x0000000082500000, 0x0000000082500000|
|   8|0x0000000082600000, 0x0000000082600000, 0x0000000082700000|  0%| F|  |TS  0|AC  0|TAMS 0x0000000082600000, 0x0000000082600000|
|   9|0x0000000082700000, 0x0000000082700000, 0x0000000082800000|  0%| F|  |TS  0|AC  0|TAMS 0x0000000082700000, 0x0000000082700000|
|  10|0x0000000082800000, 0x0000000082800000, 0x0000000082900000|  0%| F|  |TS  0|AC  0|TAMS 0x0000000082800000, 0x0000000082800000|
|  11|0x0000000082900000, 0x0000000082900000, 0x0000000082a00000|  0%| F|  |TS  0|AC  0|TAMS 0x0000000082900000, 0x0000000082900000|
|  12|0x0000000082a00000, 0x0000000082a00000, 0x0000000082b00000|  0%| F|  |TS  0|AC  0|TAMS 0x0000000082a00000, 0x0000000082a00000|
|  13|0x0000000082b00000, 0x0000000082b00000, 0x0000000082c00000|  0%| F|  |TS  0|AC  0|TAMS 0x0000000082b00000, 0x0000000082b00000|
|  14|0x0000000082c00000, 0x0000000082c00000, 0x0000000082d00000|  0%| F|  |TS  0|AC  0|TAMS 0x0000000082c00000, 0x0000000082c00000|
|  15|0x0000000082d00000, 0x0000000082d00000, 0x0000000082e00000|  0%| F|  |TS  0|AC  0|TAMS 0x0000000082d00000, 0x0000000082d00000|
|  16|0x0000000082e00000, 0x0000000082e00000, 0x0000000082f00000|  0%| F|  |TS  0|AC  0|TAMS 0x0000000082e00000, 0x0000000082e00000|
|  17|0x0000000082f00000, 0x0000000082f00000, 0x0000000083000000|  0%| F|  |TS  0|AC  0|TAMS 0x0000000082f00000, 0x0000000082f00000|
|  18|0x0000000083000000, 0x0000000083000000, 0x0000000083100000|  0%| F|  |TS  0|AC  0|TAMS 0x0000000083000000, 0x0000000083000000|
|  19|0x0000000083100000, 0x0000000083100000, 0x0000000083200000|  0%| F|  |TS  0|AC  0|TAMS 0x0000000083100000, 0x0000000083100000|
|  20|0x0000000083200000, 0x0000000083200000, 0x0000000083300000|  0%| F|  |TS  0|AC  0|TAMS 0x0000000083200000, 0x0000000083200000|
|  21|0x0000000083300000, 0x0000000083300000, 0x0000000083400000|  0%| F|  |TS  0|AC  0|TAMS 0x0000000083300000, 0x0000000083300000|
|  22|0x0000000083400000, 0x0000000083400000, 0x0000000083500000|  0%| F|  |TS  0|AC  0|TAMS 0x0000000083400000, 0x0000000083400000|
|  23|0x0000000083500000, 0x0000000083500000, 0x0000000083600000|  0%| F|  |TS  0|AC  0|TAMS 0x0000000083500000, 0x0000000083500000|
|  24|0x0000000083600000, 0x0000000083600000, 0x0000000083700000|  0%| F|  |TS  0|AC  0|TAMS 0x0000000083600000, 0x0000000083600000|
|  25|0x0000000083700000, 0x0000000083700000, 0x0000000083800000|  0%| F|  |TS  0|AC  0|TAMS 0x0000000083700000, 0x0000000083700000|
|  26|0x0000000083800000, 0x0000000083800000, 0x0000000083900000|  0%| F|  |TS  0|AC  0|TAMS 0x0000000083800000, 0x0000000083800000|
|  27|0x0000000083900000, 0x0000000083900000, 0x0000000083a00000|  0%| F|  |TS  0|AC  0|TAMS 0x0000000083900000, 0x0000000083900000|
|  28|0x0000000083a00000, 0x0000000083a00000, 0x0000000083b00000|  0%| F|  |TS  0|AC  0|TAMS 0x0000000083a00000, 0x0000000083a00000|
|  29|0x0000000083b00000, 0x0000000083b00000, 0x0000000083c00000|  0%| F|  |TS  0|AC  0|TAMS 0x0000000083b00000, 0x0000000083b00000|
|  30|0x0000000083c00000, 0x0000000083c00000, 0x0000000083d00000|  0%| F|  |TS  0|AC  0|TAMS 0x0000000083c00000, 0x0000000083c00000|
|  31|0x0000000083d00000, 0x0000000083d00000, 0x0000000083e00000|  0%| F|  |TS  0|AC  0|TAMS 0x0000000083d00000, 0x0000000083d00000|
|  32|0x0000000083e00000, 0x0000000083e00000, 0x0000000083f00000|  0%| F|  |TS  0|AC  0|TAMS 0x0000000083e00000, 0x0000000083e00000|
|  33|0x0000000083f00000, 0x0000000083f00000, 0x0000000084000000|  0%| F|  |TS  0|AC  0|TAMS 0x0000000083f00000, 0x0000000083f00000|
|  34|0x0000000084000000, 0x0000000084000000, 0x0000000084100000|  0%| F|  |TS  0|AC  0|TAMS 0x0000000084000000, 0x0000000084000000|
|  35|0x0000000084100000, 0x0000000084100000, 0x0000000084200000|  0%| F|  |TS  0|AC  0|TAMS 0x0000000084100000, 0x0000000084100000|
|  36|0x0000000084200000, 0x0000000084200000, 0x0000000084300000|  0%| F|  |TS  0|AC  0|TAMS 0x0000000084200000, 0x0000000084200000|
|  37|0x0000000084300000, 0x0000000084300000, 0x0000000084400000|  0%| F|  |TS  0|AC  0|TAMS 0x0000000084300000, 0x0000000084300000|
|  38|0x0000000084400000, 0x0000000084400000, 0x0000000084500000|  0%| F|  |TS  0|AC  0|TAMS 0x0000000084400000, 0x0000000084400000|
|  39|0x0000000084500000, 0x0000000084500000, 0x0000000084600000|  0%| F|  |TS  0|AC  0|TAMS 0x0000000084500000, 0x0000000084500000|
|  40|0x0000000084600000, 0x0000000084600000, 0x0000000084700000|  0%| F|  |TS  0|AC  0|TAMS 0x0000000084600000, 0x0000000084600000|
|  41|0x0000000084700000, 0x0000000084700000, 0x0000000084800000|  0%| F|  |TS  0|AC  0|TAMS 0x0000000084700000, 0x0000000084700000|
|  42|0x0000000084800000, 0x0000000084800000, 0x0000000084900000|  0%| F|  |TS  0|AC  0|TAMS 0x0000000084800000, 0x0000000084800000|
|  43|0x0000000084900000, 0x0000000084900000, 0x0000000084a00000|  0%| F|  |TS  0|AC  0|TAMS 0x0000000084900000, 0x0000000084900000|
|  44|0x0000000084a00000, 0x0000000084a00000, 0x0000000084b00000|  0%| F|  |TS  0|AC  0|TAMS 0x0000000084a00000, 0x0000000084a00000|
|  45|0x0000000084b00000, 0x0000000084b00000, 0x0000000084c00000|  0%| F|  |TS  0|AC  0|TAMS 0x0000000084b00000, 0x0000000084b00000|
|  46|0x0000000084c00000, 0x0000000084c00000, 0x0000000084d00000|  0%| F|  |TS  0|AC  0|TAMS 0x0000000084c00000, 0x0000000084c00000|
|  47|0x0000000084d00000, 0x0000000084d00000, 0x0000000084e00000|  0%| F|  |TS  0|AC  0|TAMS 0x0000000084d00000, 0x0000000084d00000|
|  48|0x0000000084e00000, 0x0000000084e00000, 0x0000000084f00000|  0%| F|  |TS  0|AC  0|TAMS 0x0000000084e00000, 0x0000000084e00000|
|  49|0x0000000084f00000, 0x0000000084f00000, 0x0000000085000000|  0%| F|  |TS  0|AC  0|TAMS 0x0000000084f00000, 0x0000000084f00000|
|  50|0x0000000085000000, 0x0000000085000000, 0x0000000085100000|  0%| F|  |TS  0|AC  0|TAMS 0x0000000085000000, 0x0000000085000000|
|  51|0x0000000085100000, 0x0000000085100000, 0x0000000085200000|  0%| F|  |TS  0|AC  0|TAMS 0x0000000085100000, 0x0000000085100000|
|  52|0x0000000085200000, 0x0000000085200000, 0x0000000085300000|  0%| F|  |TS  0|AC  0|TAMS 0x0000000085200000, 0x0000000085200000|
|  53|0x0000000085300000, 0x0000000085300000, 0x0000000085400000|  0%| F|  |TS  0|AC  0|TAMS 0x0000000085300000, 0x0000000085300000|
|  54|0x0000000085400000, 0x0000000085400000, 0x0000000085500000|  0%| F|  |TS  0|AC  0|TAMS 0x0000000085400000, 0x0000000085400000|
|  55|0x0000000085500000, 0x0000000085500000, 0x0000000085600000|  0%| F|  |TS  0|AC  0|TAMS 0x0000000085500000, 0x0000000085500000|
|  56|0x0000000085600000, 0x0000000085600000, 0x0000000085700000|  0%| F|  |TS  0|AC  0|TAMS 0x0000000085600000, 0x0000000085600000|
|  57|0x0000000085700000, 0x0000000085700000, 0x0000000085800000|  0%| F|  |TS  0|AC  0|TAMS 0x0000000085700000, 0x0000000085700000|
|  58|0x0000000085800000, 0x0000000085800000, 0x0000000085900000|  0%| F|  |TS  0|AC  0|TAMS 0x0000000085800000, 0x0000000085800000|
|  59|0x0000000085900000, 0x0000000085900000, 0x0000000085a00000|  0%| F|  |TS  0|AC  0|TAMS 0x0000000085900000, 0x0000000085900000|
|  60|0x0000000085a00000, 0x0000000085a00000, 0x0000000085b00000|  0%| F|  |TS  0|AC  0|TAMS 0x0000000085a00000, 0x0000000085a00000|
|  61|0x0000000085b00000, 0x0000000085b00000, 0x0000000085c00000|  0%| F|  |TS  0|AC  0|TAMS 0x0000000085b00000, 0x0000000085b00000|
|  62|0x0000000085c00000, 0x0000000085c00000, 0x0000000085d00000|  0%| F|  |TS  0|AC  0|TAMS 0x0000000085c00000, 0x0000000085c00000|
|  63|0x0000000085d00000, 0x0000000085d00000, 0x0000000085e00000|  0%| F|  |TS  0|AC  0|TAMS 0x0000000085d00000, 0x0000000085d00000|
|  64|0x0000000085e00000, 0x0000000085e00000, 0x0000000085f00000|  0%| F|  |TS  0|AC  0|TAMS 0x0000000085e00000, 0x0000000085e00000|
|  65|0x0000000085f00000, 0x0000000085f00000, 0x0000000086000000|  0%| F|  |TS  0|AC  0|TAMS 0x0000000085f00000, 0x0000000085f00000|
|  66|0x0000000086000000, 0x0000000086000000, 0x0000000086100000|  0%| F|  |TS  0|AC  0|TAMS 0x0000000086000000, 0x0000000086000000|
|  67|0x0000000086100000, 0x0000000086100000, 0x0000000086200000|  0%| F|  |TS  0|AC  0|TAMS 0x0000000086100000, 0x0000000086100000|
|  68|0x0000000086200000, 0x0000000086200000, 0x0000000086300000|  0%| F|  |TS  0|AC  0|TAMS 0x0000000086200000, 0x0000000086200000|
|  69|0x0000000086300000, 0x0000000086300000, 0x0000000086400000|  0%| F|  |TS  0|AC  0|TAMS 0x0000000086300000, 0x0000000086300000|
|  70|0x0000000086400000, 0x0000000086400000, 0x0000000086500000|  0%| F|  |TS  0|AC  0|TAMS 0x0000000086400000, 0x0000000086400000|
|  71|0x0000000086500000, 0x0000000086500000, 0x0000000086600000|  0%| F|  |TS  0|AC  0|TAMS 0x0000000086500000, 0x0000000086500000|
|  72|0x0000000086600000, 0x0000000086600000, 0x0000000086700000|  0%| F|  |TS  0|AC  0|TAMS 0x0000000086600000, 0x0000000086600000|
|  73|0x0000000086700000, 0x0000000086700000, 0x0000000086800000|  0%| F|  |TS  0|AC  0|TAMS 0x0000000086700000, 0x0000000086700000|
|  74|0x0000000086800000, 0x0000000086800000, 0x0000000086900000|  0%| F|  |TS  0|AC  0|TAMS 0x0000000086800000, 0x0000000086800000|
|  75|0x0000000086900000, 0x0000000086900000, 0x0000000086a00000|  0%| F|  |TS  0|AC  0|TAMS 0x0000000086900000, 0x0000000086900000|
|  76|0x0000000086a00000, 0x0000000086a00000, 0x0000000086b00000|  0%| F|  |TS  0|AC  0|TAMS 0x0000000086a00000, 0x0000000086a00000|
|  77|0x0000000086b00000, 0x0000000086b00000, 0x0000000086c00000|  0%| F|  |TS  0|AC  0|TAMS 0x0000000086b00000, 0x0000000086b00000|
|  78|0x0000000086c00000, 0x0000000086c00000, 0x0000000086d00000|  0%| F|  |TS  0|AC  0|TAMS 0x0000000086c00000, 0x0000000086c00000|
|  79|0x0000000086d00000, 0x0000000086d00000, 0x0000000086e00000|  0%| F|  |TS  0|AC  0|TAMS 0x0000000086d00000, 0x0000000086d00000|
|  80|0x0000000086e00000, 0x0000000086e00000, 0x0000000086f00000|  0%| F|  |TS  0|AC  0|TAMS 0x0000000086e00000, 0x0000000086e00000|
|  81|0x0000000086f00000, 0x0000000086f00000, 0x0000000087000000|  0%| F|  |TS  0|AC  0|TAMS 0x0000000086f00000, 0x0000000086f00000|
|  82|0x0000000087000000, 0x0000000087000000, 0x0000000087100000|  0%| F|  |TS  0|AC  0|TAMS 0x0000000087000000, 0x0000000087000000|
|  83|0x0000000087100000, 0x0000000087100000, 0x0000000087200000|  0%| F|  |TS  0|AC  0|TAMS 0x0000000087100000, 0x0000000087100000|
|  84|0x0000000087200000, 0x0000000087200000, 0x0000000087300000|  0%| F|  |TS  0|AC  0|TAMS 0x0000000087200000, 0x0000000087200000|
|  85|0x0000000087300000, 0x0000000087300000, 0x0000000087400000|  0%| F|  |TS  0|AC  0|TAMS 0x0000000087300000, 0x0000000087300000|
|  86|0x0000000087400000, 0x0000000087400000, 0x0000000087500000|  0%| F|  |TS  0|AC  0|TAMS 0x0000000087400000, 0x0000000087400000|
|  87|0x0000000087500000, 0x0000000087500000, 0x0000000087600000|  0%| F|  |TS  0|AC  0|TAMS 0x0000000087500000, 0x0000000087500000|
|  88|0x0000000087600000, 0x0000000087600000, 0x0000000087700000|  0%| F|  |TS  0|AC  0|TAMS 0x0000000087600000, 0x0000000087600000|
|  89|0x0000000087700000, 0x0000000087700000, 0x0000000087800000|  0%| F|  |TS  0|AC  0|TAMS 0x0000000087700000, 0x0000000087700000|
|  90|0x0000000087800000, 0x0000000087800000, 0x0000000087900000|  0%| F|  |TS  0|AC  0|TAMS 0x0000000087800000, 0x0000000087800000|
|  91|0x0000000087900000, 0x0000000087900000, 0x0000000087a00000|  0%| F|  |TS  0|AC  0|TAMS 0x0000000087900000, 0x0000000087900000|
|  92|0x0000000087a00000, 0x0000000087a00000, 0x0000000087b00000|  0%| F|  |TS  0|AC  0|TAMS 0x0000000087a00000, 0x0000000087a00000|
|  93|0x0000000087b00000, 0x0000000087b00000, 0x0000000087c00000|  0%| F|  |TS  0|AC  0|TAMS 0x0000000087b00000, 0x0000000087b00000|
|  94|0x0000000087c00000, 0x0000000087c00000, 0x0000000087d00000|  0%| F|  |TS  0|AC  0|TAMS 0x0000000087c00000, 0x0000000087c00000|
|  95|0x0000000087d00000, 0x0000000087d00000, 0x0000000087e00000|  0%| F|  |TS  0|AC  0|TAMS 0x0000000087d00000, 0x0000000087d00000|
|  96|0x0000000087e00000, 0x0000000087e00000, 0x0000000087f00000|  0%| F|  |TS  0|AC  0|TAMS 0x0000000087e00000, 0x0000000087e00000|
|  97|0x0000000087f00000, 0x0000000087f00000, 0x0000000088000000|  0%| F|  |TS  0|AC  0|TAMS 0x0000000087f00000, 0x0000000087f00000|
|  98|0x0000000088000000, 0x0000000088000000, 0x0000000088100000|  0%| F|  |TS  0|AC  0|TAMS 0x0000000088000000, 0x0000000088000000|
|  99|0x0000000088100000, 0x0000000088100000, 0x0000000088200000|  0%| F|  |TS  0|AC  0|TAMS 0x0000000088100000, 0x0000000088100000|
| 100|0x0000000088200000, 0x0000000088200000, 0x0000000088300000|  0%| F|  |TS  0|AC  0|TAMS 0x0000000088200000, 0x0000000088200000|
| 101|0x0000000088300000, 0x0000000088300000, 0x0000000088400000|  0%| F|  |TS  0|AC  0|TAMS 0x0000000088300000, 0x0000000088300000|
| 102|0x0000000088400000, 0x0000000088400000, 0x0000000088500000|  0%| F|  |TS  0|AC  0|TAMS 0x0000000088400000, 0x0000000088400000|
| 103|0x0000000088500000, 0x0000000088500000, 0x0000000088600000|  0%| F|  |TS  0|AC  0|TAMS 0x0000000088500000, 0x0000000088500000|
| 104|0x0000000088600000, 0x0000000088600000, 0x0000000088700000|  0%| F|  |TS  0|AC  0|TAMS 0x0000000088600000, 0x0000000088600000|
| 105|0x0000000088700000, 0x0000000088700000, 0x0000000088800000|  0%| F|  |TS  0|AC  0|TAMS 0x0000000088700000, 0x0000000088700000|
| 106|0x0000000088800000, 0x0000000088800000, 0x0000000088900000|  0%| F|  |TS  0|AC  0|TAMS 0x0000000088800000, 0x0000000088800000|
| 107|0x0000000088900000, 0x0000000088900000, 0x0000000088a00000|  0%| F|  |TS  0|AC  0|TAMS 0x0000000088900000, 0x0000000088900000|
| 108|0x0000000088a00000, 0x0000000088a00000, 0x0000000088b00000|  0%| F|  |TS  0|AC  0|TAMS 0x0000000088a00000, 0x0000000088a00000|
| 109|0x0000000088b00000, 0x0000000088b00000, 0x0000000088c00000|  0%| F|  |TS  0|AC  0|TAMS 0x0000000088b00000, 0x0000000088b00000|
| 110|0x0000000088c00000, 0x0000000088c00000, 0x0000000088d00000|  0%| F|  |TS  0|AC  0|TAMS 0x0000000088c00000, 0x0000000088c00000|
| 111|0x0000000088d00000, 0x0000000088d00000, 0x0000000088e00000|  0%| F|  |TS  0|AC  0|TAMS 0x0000000088d00000, 0x0000000088d00000|
| 112|0x0000000088e00000, 0x0000000088e00000, 0x0000000088f00000|  0%| F|  |TS  0|AC  0|TAMS 0x0000000088e00000, 0x0000000088e00000|
| 113|0x0000000088f00000, 0x0000000088f00000, 0x0000000089000000|  0%| F|  |TS  0|AC  0|TAMS 0x0000000088f00000, 0x0000000088f00000|
| 114|0x0000000089000000, 0x0000000089000000, 0x0000000089100000|  0%| F|  |TS  0|AC  0|TAMS 0x0000000089000000, 0x0000000089000000|
| 115|0x0000000089100000, 0x0000000089100000, 0x0000000089200000|  0%| F|  |TS  0|AC  0|TAMS 0x0000000089100000, 0x0000000089100000|
| 116|0x0000000089200000, 0x0000000089200000, 0x0000000089300000|  0%| F|  |TS  0|AC  0|TAMS 0x0000000089200000, 0x0000000089200000|
| 117|0x0000000089300000, 0x0000000089300000, 0x0000000089400000|  0%| F|  |TS  0|AC  0|TAMS 0x0000000089300000, 0x0000000089300000|
| 118|0x0000000089400000, 0x0000000089400000, 0x0000000089500000|  0%| F|  |TS  0|AC  0|TAMS 0x0000000089400000, 0x0000000089400000|
| 119|0x0000000089500000, 0x0000000089500000, 0x0000000089600000|  0%| F|  |TS  0|AC  0|TAMS 0x0000000089500000, 0x0000000089500000|
| 120|0x0000000089600000, 0x0000000089600000, 0x0000000089700000|  0%| F|  |TS  0|AC  0|TAMS 0x0000000089600000, 0x0000000089600000|
| 121|0x0000000089700000, 0x0000000089700000, 0x0000000089800000|  0%| F|  |TS  0|AC  0|TAMS 0x0000000089700000, 0x0000000089700000|
| 122|0x0000000089800000, 0x000000008987c7e8, 0x0000000089900000| 48%| E|  |TS  0|AC  0|TAMS 0x0000000089800000, 0x0000000089800000|
| 123|0x0000000089900000, 0x0000000089a00000, 0x0000000089a00000|100%| E|CS|TS  0|AC  0|TAMS 0x0000000089900000, 0x0000000089900000|
| 124|0x0000000089a00000, 0x0000000089b00000, 0x0000000089b00000|100%| E|CS|TS  0|AC  0|TAMS 0x0000000089a00000, 0x0000000089a00000|
| 125|0x0000000089b00000, 0x0000000089c00000, 0x0000000089c00000|100%| E|CS|TS  0|AC  0|TAMS 0x0000000089b00000, 0x0000000089b00000|
| 126|0x0000000089c00000, 0x0000000089d00000, 0x0000000089d00000|100%| E|CS|TS  0|AC  0|TAMS 0x0000000089c00000, 0x0000000089c00000|
| 127|0x0000000089d00000, 0x0000000089e00000, 0x0000000089e00000|100%| E|CS|TS  0|AC  0|TAMS 0x0000000089d00000, 0x0000000089d00000|

Card table byte_map: [0x0000029121180000,0x0000029121580000] byte_map_base: 0x0000029120d71000

Marking Bits (Prev, Next): (CMBitMap*) 0x0000029104800ee0, (CMBitMap*) 0x0000029104800f18
 Prev Bits: [0x0000029121980000, 0x0000029123908000)
 Next Bits: [0x0000029123910000, 0x0000029125898000)

Polling page: 0x00000291044d0000

CodeHeap 'non-profiled nmethods': size=120000Kb used=140Kb max_used=140Kb free=119859Kb
 bounds [0x0000029118de0000, 0x0000029119050000, 0x0000029120310000]
CodeHeap 'profiled nmethods': size=120000Kb used=627Kb max_used=627Kb free=119372Kb
 bounds [0x00000291118b0000, 0x0000029111b20000, 0x0000029118de0000]
CodeHeap 'non-nmethods': size=5760Kb used=1135Kb max_used=1147Kb free=4624Kb
 bounds [0x0000029111310000, 0x0000029111580000, 0x00000291118b0000]
 total_blobs=882 nmethods=446 adapters=261
 compilation: enabled

Compilation events (10 events):
Event: 3230.688 Thread 0x00000291283b8000  442       3       java.util.regex.Pattern$BmpCharPredicate$$Lambda$4/2034688500::is (13 bytes)
Event: 3230.688 Thread 0x00000291283b8000 nmethod 442 0x000002911194ab10 code [0x000002911194ad00, 0x000002911194b100]
Event: 3230.688 Thread 0x00000291283b8000  443       3       java.util.regex.Pattern$BmpCharPredicate::lambda$union$2 (26 bytes)
Event: 3230.689 Thread 0x00000291283b8000 nmethod 443 0x000002911194b290 code [0x000002911194b460, 0x000002911194b7e0]
Event: 3565.766 Thread 0x00000291283b8000  445   !   3       sun.instrument.TransformerManager::transform (100 bytes)
Event: 3565.767 Thread 0x00000291283b8000 nmethod 445 0x000002911194b910 code [0x000002911194bb00, 0x000002911194c010]
Event: 3565.767 Thread 0x00000291283b8000  444       3       sun.instrument.InstrumentationImpl::transform (73 bytes)
Event: 3565.767 Thread 0x00000291283b8000 nmethod 444 0x000002911194c290 code [0x000002911194c480, 0x000002911194c8b0]
Event: 3565.767 Thread 0x00000291283b8000  446       3       com.intellij.rt.debugger.agent.CaptureAgent::access$300 (4 bytes)
Event: 3565.769 Thread 0x00000291283b8000 nmethod 446 0x000002911194ca90 code [0x000002911194cc40, 0x000002911194cd78]

GC Heap History (0 events):
No events

Deoptimization events (4 events):
Event: 0.152 Thread 0x0000029104766000 Uncommon trap: reason=unstable_if action=reinterpret pc=0x0000029118de8580 method=java.util.AbstractCollection.isEmpty()Z @ 4 c2
Event: 0.212 Thread 0x0000029104766000 Uncommon trap: reason=unstable_if action=reinterpret pc=0x0000029118de3428 method=java.lang.String.hashCode()I @ 14 c2
Event: 0.363 Thread 0x0000029104766000 Uncommon trap: reason=unstable_if action=reinterpret pc=0x0000029118df21f4 method=java.lang.String.isLatin1()Z @ 10 c2
Event: 0.365 Thread 0x0000029104766000 Uncommon trap: reason=unstable_if action=reinterpret pc=0x0000029118df10fc method=java.lang.String.isLatin1()Z @ 10 c2

Classes redefined (10 events):
Event: 181.986 Thread 0x0000029128396000 redefined class name=SyntacticAnalyzer$Exception, count=1
Event: 181.987 Thread 0x0000029128396000 redefined class name=SyntacticAnalyzer, count=1
Event: 779.562 Thread 0x0000029128396000 redefined class name=SyntacticAnalyzer$Exception, count=2
Event: 779.564 Thread 0x0000029128396000 redefined class name=SyntacticAnalyzer, count=2
Event: 2981.308 Thread 0x0000029128396000 redefined class name=SyntacticAnalyzer$Exception, count=3
Event: 2981.309 Thread 0x0000029128396000 redefined class name=SyntacticAnalyzer, count=3
Event: 3230.666 Thread 0x0000029128396000 redefined class name=SyntacticAnalyzer$Exception, count=4
Event: 3230.667 Thread 0x0000029128396000 redefined class name=SyntacticAnalyzer, count=4
Event: 3565.768 Thread 0x0000029128396000 redefined class name=SyntacticAnalyzer$Exception, count=5
Event: 3565.769 Thread 0x0000029128396000 redefined class name=SyntacticAnalyzer, count=5

Internal exceptions (1 events):
Event: 0.335 Thread 0x0000029104766000 Exception <a 'java/lang/NoSuchMethodError'{0x0000000089904310}: java.lang.Object.lambda$union$2(Ljava/util/regex/Pattern$CharPredicate;I)Z> (0x0000000089904310) thrown at [t:/workspace/open/src/hotspot/share/interpreter/linkResolver.cpp, line 741]

Events (10 events):
Event: 3565.769 Executing VM operation: RedefineClasses done
Event: 3565.770 Executing VM operation: GetFrameCount
Event: 3565.770 Executing VM operation: GetFrameCount done
Event: 3565.770 Executing VM operation: GetFrameCount
Event: 3565.770 Executing VM operation: GetFrameCount done
Event: 3565.770 Executing VM operation: GetFrameLocation
Event: 3565.770 Executing VM operation: GetFrameLocation done
Event: 3565.770 Executing VM operation: GetFrameLocation
Event: 3565.770 Executing VM operation: GetFrameLocation done
Event: 3565.770 Executing VM operation: GetOrSetLocal


Dynamic libraries:
0x00007ff6b1190000 - 0x00007ff6b11ce000 	C:\Program Files\Java\jdk-10.0.2\bin\java.exe
0x00007ffc2a2c0000 - 0x00007ffc2a4a1000 	C:\Windows\SYSTEM32\ntdll.dll
0x00007ffc29010000 - 0x00007ffc290c2000 	C:\Windows\System32\KERNEL32.DLL
0x00007ffc26a80000 - 0x00007ffc26cf3000 	C:\Windows\System32\KERNELBASE.dll
0x00007ffc28c70000 - 0x00007ffc28d11000 	C:\Windows\System32\ADVAPI32.dll
0x00007ffc28f70000 - 0x00007ffc2900e000 	C:\Windows\System32\msvcrt.dll
0x00007ffc29ee0000 - 0x00007ffc29f3b000 	C:\Windows\System32\sechost.dll
0x00007ffc28e40000 - 0x00007ffc28f64000 	C:\Windows\System32\RPCRT4.dll
0x00007ffc29940000 - 0x00007ffc29ad0000 	C:\Windows\System32\USER32.dll
0x00007ffc26890000 - 0x00007ffc268b0000 	C:\Windows\System32\win32u.dll
0x00007ffc2a260000 - 0x00007ffc2a288000 	C:\Windows\System32\GDI32.dll
0x00007ffc26690000 - 0x00007ffc26822000 	C:\Windows\System32\gdi32full.dll
0x00007ffc26db0000 - 0x00007ffc26e4f000 	C:\Windows\System32\msvcp_win.dll
0x00007ffc26900000 - 0x00007ffc269fa000 	C:\Windows\System32\ucrtbase.dll
0x00007ffc144e0000 - 0x00007ffc14749000 	C:\Windows\WinSxS\amd64_microsoft.windows.common-controls_6595b64144ccf1df_6.0.17134.345_none_fb429a5930656358\COMCTL32.dll
0x00007ffc162b0000 - 0x00007ffc162ba000 	C:\Windows\SYSTEM32\VERSION.dll
0x00007ffc29610000 - 0x00007ffc29933000 	C:\Windows\System32\combase.dll
0x00007ffc26a00000 - 0x00007ffc26a7a000 	C:\Windows\System32\bcryptPrimitives.dll
0x00007ffc28b90000 - 0x00007ffc28bbd000 	C:\Windows\System32\IMM32.DLL
0x00007ffc17e20000 - 0x00007ffc17f0f000 	C:\Program Files\Java\jdk-10.0.2\bin\msvcr120.dll
0x00007ffc20140000 - 0x00007ffc201e6000 	C:\Program Files\Java\jdk-10.0.2\bin\msvcp120.dll
0x00000000561c0000 - 0x0000000056c30000 	C:\Program Files\Java\jdk-10.0.2\bin\server\jvm.dll
0x00007ffc28d40000 - 0x00007ffc28d48000 	C:\Windows\System32\PSAPI.DLL
0x00007ffc0d9a0000 - 0x00007ffc0d9a9000 	C:\Windows\SYSTEM32\WSOCK32.dll
0x00007ffc24410000 - 0x00007ffc24433000 	C:\Windows\SYSTEM32\WINMM.dll
0x00007ffc29d10000 - 0x00007ffc29d7c000 	C:\Windows\System32\WS2_32.dll
0x00007ffc243e0000 - 0x00007ffc2440a000 	C:\Windows\SYSTEM32\WINMMBASE.dll
0x00007ffc268b0000 - 0x00007ffc268f9000 	C:\Windows\System32\cfgmgr32.dll
0x00007ffc244b0000 - 0x00007ffc244bf000 	C:\Program Files\Java\jdk-10.0.2\bin\verify.dll
0x00007ffc25040000 - 0x00007ffc25209000 	C:\Windows\SYSTEM32\DBGHELP.DLL
0x00007ffc0a170000 - 0x00007ffc0a199000 	C:\Windows\SYSTEM32\dbgcore.DLL
0x00007ffc22b90000 - 0x00007ffc22bb7000 	C:\Program Files\Java\jdk-10.0.2\bin\java.dll
0x00007ffc140d0000 - 0x00007ffc14106000 	C:\Program Files\Java\jdk-10.0.2\bin\jdwp.dll
0x00007ffc22a90000 - 0x00007ffc22aba000 	C:\Program Files\Java\jdk-10.0.2\bin\instrument.dll
0x00007ffc22b70000 - 0x00007ffc22b86000 	C:\Program Files\Java\jdk-10.0.2\bin\zip.dll
0x00007ffc22b60000 - 0x00007ffc22b6a000 	C:\Program Files\Java\jdk-10.0.2\bin\jimage.dll
0x00007ffc27750000 - 0x00007ffc28b8f000 	C:\Windows\System32\SHELL32.dll
0x00007ffc28bc0000 - 0x00007ffc28c69000 	C:\Windows\System32\shcore.dll
0x00007ffc26e50000 - 0x00007ffc2755d000 	C:\Windows\System32\windows.storage.dll
0x00007ffc29c50000 - 0x00007ffc29ca1000 	C:\Windows\System32\shlwapi.dll
0x00007ffc265d0000 - 0x00007ffc265e1000 	C:\Windows\System32\kernel.appcore.dll
0x00007ffc26640000 - 0x00007ffc2665f000 	C:\Windows\System32\profapi.dll
0x00007ffc265f0000 - 0x00007ffc2663c000 	C:\Windows\System32\powrprof.dll
0x00007ffc26680000 - 0x00007ffc2668a000 	C:\Windows\System32\FLTLIB.DLL
0x00007ffc21240000 - 0x00007ffc2124a000 	C:\Program Files\Java\jdk-10.0.2\bin\dt_socket.dll
0x00007ffc25df0000 - 0x00007ffc25e56000 	C:\Windows\system32\mswsock.dll
0x00007ffc21100000 - 0x00007ffc2111a000 	C:\Program Files\Java\jdk-10.0.2\bin\net.dll
0x00007ffc24cf0000 - 0x00007ffc24dcc000 	C:\Windows\SYSTEM32\WINHTTP.dll
0x00007ffc140b0000 - 0x00007ffc140c1000 	C:\Program Files\Java\jdk-10.0.2\bin\nio.dll

dbghelp: loaded successfully - version: 4.0.5 - missing functions: none
symbol engine: initialized successfully - sym options: 0x614 - pdb path: .;C:\Program Files\Java\jdk-10.0.2\bin;C:\Windows\SYSTEM32;C:\Windows\WinSxS\amd64_microsoft.windows.common-controls_6595b64144ccf1df_6.0.17134.345_none_fb429a5930656358;C:\Program Files\Java\jdk-10.0.2\bin\server

VM Arguments:
jvm_args: -agentlib:jdwp=transport=dt_socket,address=127.0.0.1:56090,suspend=y,server=n -javaagent:C:\Users\38066\.IntelliJIdea2018.2\system\captureAgent\debugger-agent.jar=file:/C:/Users/38066/AppData/Local/Temp/capture.props -Dfile.encoding=UTF-8 
java_command: Main
java_class_path (initial): C:\Users\38066\IdeaProjects\SP_lab3_Osievskaya\out\production\SP_lab3_Osievskaya;C:\Program Files\JetBrains\IntelliJ IDEA 2018.2.3\lib\idea_rt.jar
Launcher Type: SUN_STANDARD

Logging:
Log output configuration:
#0: stdout all=warning uptime,level,tags
#1: stderr all=off uptime,level,tags

Environment Variables:
PATH=C:\Program Files (x86)\Common Files\Oracle\Java\javapath;C:\Windows\system32;C:\Windows;C:\Windows\System32\Wbem;C:\Windows\System32\WindowsPowerShell\v1.0\;C:\Windows\System32\OpenSSH\;c:\altera\91\quartus\bin;E:\Git\cmd;C:\Program Files\dotnet\;C:\Users\38066\AppData\Local\Microsoft\WindowsApps;;C:\Users\38066\AppData\Local\Programs\Microsoft VS Code\bin;C:\Users\38066\.dotnet\tools
USERNAME=38066
OS=Windows_NT
PROCESSOR_IDENTIFIER=Intel64 Family 6 Model 142 Stepping 10, GenuineIntel



---------------  S Y S T E M  ---------------

OS: Windows 10 , 64 bit Build 17134 (10.0.17134.1)

CPU:total 8 (initial active 8) (4 cores per cpu, 2 threads per core) family 6 model 142 stepping 10, cmov, cx8, fxsr, mmx, sse, sse2, sse3, ssse3, sse4.1, sse4.2, popcnt, avx, avx2, aes, clmul, erms, 3dnowpref, lzcnt, ht, tsc, tscinvbit, bmi1, bmi2, adx, fma

Memory: 4k page, physical 8260236k(2118232k free), swap 16442312k(2246056k free)

vm_info: Java HotSpot(TM) 64-Bit Server VM (10.0.2+13) for windows-amd64 JRE (10.0.2+13), built on Jun 28 2018 01:57:56 by "mach5one" with MS VC++ 12.0 (VS2013)

END.
