#
# A fatal error has been detected by the Java Runtime Environment:
#
#  EXCEPTION_ACCESS_VIOLATION (0xc0000005) at pc=0x00000000564dd8dc, pid=22084, tid=21660
#
# JRE version: Java(TM) SE Runtime Environment (10.0.2+13) (build 10.0.2+13)
# Java VM: Java HotSpot(TM) 64-Bit Server VM (10.0.2+13, mixed mode, tiered, compressed oops, g1 gc, windows-amd64)
# Problematic frame:
# V  [jvm.dll+0x31d8dc]
#
# No core dump will be written. Minidumps are not enabled by default on client versions of Windows
#
# If you would like to submit a bug report, please visit:
#   http://bugreport.java.com/bugreport/crash.jsp
#

---------------  S U M M A R Y ------------

Command Line: -agentlib:jdwp=transport=dt_socket,address=127.0.0.1:53799,suspend=y,server=n -javaagent:C:\Users\38066\.IntelliJIdea2018.2\system\captureAgent\debugger-agent.jar=file:/C:/Users/38066/AppData/Local/Temp/capture.props -Dfile.encoding=UTF-8 Main

Host: Intel(R) Core(TM) i5-8250U CPU @ 1.60GHz, 8 cores, 7G,  Windows 10 , 64 bit Build 17134 (10.0.17134.1)
Time: Thu Nov 15 18:58:39 2018 Ea?onaeeineia a?aiy (ceia) elapsed time: 172897 seconds (2d 0h 1m 37s)

---------------  T H R E A D  ---------------

Current thread (0x000002702e03c000):  VMThread "VM Thread" [stack: 0x000000c903d00000,0x000000c903e00000] [id=21660]

Stack: [0x000000c903d00000,0x000000c903e00000],  sp=0x000000c903dfeee0,  free space=1019k
Native frames: (J=compiled Java code, j=interpreted, Vv=VM code, C=native code)
V  [jvm.dll+0x31d8dc]
V  [jvm.dll+0x31fcc0]
V  [jvm.dll+0x32034e]
V  [jvm.dll+0x31da85]
V  [jvm.dll+0x31cee3]
V  [jvm.dll+0x59097f]
V  [jvm.dll+0x590d66]
V  [jvm.dll+0x590b26]
V  [jvm.dll+0x55c148]
V  [jvm.dll+0x473bca]
V  [jvm.dll+0x6c47bc]
V  [jvm.dll+0x6c2f25]
V  [jvm.dll+0x6c3730]
V  [jvm.dll+0x6c3a6c]
V  [jvm.dll+0x59f4b0]
C  [msvcr120.dll+0x24f7f]
C  [msvcr120.dll+0x25126]
C  [KERNEL32.DLL+0x13034]
C  [ntdll.dll+0x71461]


siginfo: EXCEPTION_ACCESS_VIOLATION (0xc0000005), reading address 0x00000000005900e3


Register to memory mapping:

RIP=0x00000000564dd8dc jvm.dll
RAX=0x00000000005900dd is an unknown value
RBX=0x000002702e4f5600 is pointing into metadata
RCX=0x000000000000009a is an unknown value
RDX=0x0000000000000011 is an unknown value
RSP=0x000000c903dfeee0 is an unknown value
RBP=0x0000000000000001 is an unknown value
RSI=0x0000000056b5ac28 jvm.dll
RDI=0x000000c903dff180 is an unknown value
R8 =0x0000000000000000 is an unknown value
R9 =0x000002702e4f5600 is pointing into metadata
R10=0x000002702e4f5600 is pointing into metadata
R11=0x0000000100074030 is pointing into metadata
R12=0x000000005693d601 jvm.dll
R13=0x0000000000000000 is an unknown value
R14=0x0000000000000001 is an unknown value
R15=0x00000000000002f8 is an unknown value


Registers:
RAX=0x00000000005900dd, RBX=0x000002702e4f5600, RCX=0x000000000000009a, RDX=0x0000000000000011
RSP=0x000000c903dfeee0, RBP=0x0000000000000001, RSI=0x0000000056b5ac28, RDI=0x000000c903dff180
R8 =0x0000000000000000, R9 =0x000002702e4f5600, R10=0x000002702e4f5600, R11=0x0000000100074030
R12=0x000000005693d601, R13=0x0000000000000000, R14=0x0000000000000001, R15=0x00000000000002f8
RIP=0x00000000564dd8dc, EFLAGS=0x0000000000010202

Top of Stack: (sp=0x000000c903dfeee0)
0x000000c903dfeee0:   000000000000008e 00000000562d4cce
0x000000c903dfeef0:   0000000000000008 000000005627b6ea
0x000000c903dfef00:   000000004fffffff 00000000564e0f6b
0x000000c903dfef10:   000000c903dfefd0 00000000564de693
0x000000c903dfef20:   00007e94cd933cd2 00000000000000e6
0x000000c903dfef30:   0000000000000013 000000c903dfefd0
0x000000c903dfef40:   000000c903dff180 00000000564dfcc0
0x000000c903dfef50:   000000c903dff180 00000000000000e7
0x000000c903dfef60:   0000000000000001 00000000564e1054
0x000000c903dfef70:   00000000000000e7 0000000000000012
0x000000c903dfef80:   00000000000002f8 00000000000000f4
0x000000c903dfef90:   000002702f011458 00000000564e034e
0x000000c903dfefa0:   000000c903dff180 000000c903dff000
0x000000c903dfefb0:   0000000000000013 000002702f011458
0x000000c903dfefc0:   0000000000006000 00000000564e21f1
0x000000c903dfefd0:   000002702e4f6c58 000002702e03c000 

Instructions: (pc=0x00000000564dd8dc)
0x00000000564dd8bc:   8b cb e8 9d 10 f1 ff 48 8b cb 8b d0 e8 c3 37 f1
0x00000000564dd8cc:   ff 48 8d 35 54 d3 67 00 48 63 c8 48 8b 44 cb 40
0x00000000564dd8dc:   0f b6 48 06 8b 05 3e d3 67 00 80 f9 4c 74 2b 80
0x00000000564dd8ec:   f9 5b 74 26 80 f9 4a 74 18 80 f9 44 74 13 48 8d 


VM_Operation (0x000000c9047ff6e0): GetOrSetLocal, mode: safepoint, requested by thread 0x000002702ed46800


---------------  P R O C E S S  ---------------

Threads class SMR info:
_java_thread_list=0x000002702ef45950, length=15, elements={
0x000002700c3f6000, 0x000002702e043800, 0x000002702e04c800, 0x000002702e9a5800,
0x000002702e9a6000, 0x000002702e9ab000, 0x000002702e9ad800, 0x000002702e9ae800,
0x000002702e9b2800, 0x000002702e9bd800, 0x000002702ed46800, 0x000002702ecdb800,
0x000002702eba0000, 0x000002702eff3000, 0x000002702ef35000
}

Java Threads: ( => current thread )
  0x000002700c3f6000 JavaThread "main" [_thread_blocked, id=22048, stack(0x000000c902800000,0x000000c902900000)]
  0x000002702e043800 JavaThread "Reference Handler" daemon [_thread_blocked, id=18780, stack(0x000000c903e00000,0x000000c903f00000)]
  0x000002702e04c800 JavaThread "Finalizer" daemon [_thread_blocked, id=18592, stack(0x000000c903f00000,0x000000c904000000)]
  0x000002702e9a5800 JavaThread "Signal Dispatcher" daemon [_thread_blocked, id=14792, stack(0x000000c904000000,0x000000c904100000)]
  0x000002702e9a6000 JavaThread "Attach Listener" daemon [_thread_blocked, id=4144, stack(0x000000c904100000,0x000000c904200000)]
  0x000002702e9ab000 JavaThread "C2 CompilerThread0" daemon [_thread_blocked, id=19112, stack(0x000000c904200000,0x000000c904300000)]
  0x000002702e9ad800 JavaThread "C2 CompilerThread1" daemon [_thread_blocked, id=2300, stack(0x000000c904300000,0x000000c904400000)]
  0x000002702e9ae800 JavaThread "C2 CompilerThread2" daemon [_thread_blocked, id=18636, stack(0x000000c904400000,0x000000c904500000)]
  0x000002702e9b2800 JavaThread "C1 CompilerThread3" daemon [_thread_blocked, id=3008, stack(0x000000c904500000,0x000000c904600000)]
  0x000002702e9bd800 JavaThread "Sweeper thread" daemon [_thread_blocked, id=20540, stack(0x000000c904600000,0x000000c904700000)]
  0x000002702ed46800 JavaThread "JDWP Transport Listener: dt_socket" daemon [_thread_blocked, id=13772, stack(0x000000c904700000,0x000000c904800000)] _threads_hazard_ptr=0x000002702ef45950
  0x000002702ecdb800 JavaThread "JDWP Event Helper Thread" daemon [_thread_blocked, id=17724, stack(0x000000c904800000,0x000000c904900000)]
  0x000002702eba0000 JavaThread "JDWP Command Reader" daemon [_thread_in_native, id=14992, stack(0x000000c904900000,0x000000c904a00000)]
  0x000002702eff3000 JavaThread "Common-Cleaner" daemon [_thread_blocked, id=22024, stack(0x000000c904a00000,0x000000c904b00000)]
  0x000002702ef35000 JavaThread "Service Thread" daemon [_thread_blocked, id=19796, stack(0x000000c904b00000,0x000000c904c00000)]

Other Threads:
=>0x000002702e03c000 VMThread "VM Thread" [stack: 0x000000c903d00000,0x000000c903e00000] [id=21660]
  0x000002702ecc2800 WatcherThread [stack: 0x000000c904c00000,0x000000c904d00000] [id=20308]
  0x000002700c410800 GCTaskThread "GC Thread#0" [stack: 0x000000c902900000,0x000000c902a00000] [id=21164]
  0x000002700c412000 GCTaskThread "GC Thread#1" [stack: 0x000000c902a00000,0x000000c902b00000] [id=20604]
  0x000002700c413800 GCTaskThread "GC Thread#2" [stack: 0x000000c902b00000,0x000000c902c00000] [id=16516]
  0x000002700c416800 GCTaskThread "GC Thread#3" [stack: 0x000000c902c00000,0x000000c902d00000] [id=3928]
  0x000002700c418800 GCTaskThread "GC Thread#4" [stack: 0x000000c902d00000,0x000000c902e00000] [id=20960]
  0x000002700c41c800 GCTaskThread "GC Thread#5" [stack: 0x000000c902e00000,0x000000c902f00000] [id=15108]
  0x000002700c419000 GCTaskThread "GC Thread#6" [stack: 0x000000c902f00000,0x000000c903000000] [id=13624]
  0x000002700c41b000 GCTaskThread "GC Thread#7" [stack: 0x000000c903000000,0x000000c903100000] [id=22404]
  0x000002700c498800 ConcurrentGCThread "G1 Main Marker" [stack: 0x000000c903100000,0x000000c903200000] [id=16076]
  0x000002700c41d000 ConcurrentGCThread "G1 Conc#0" [stack: 0x000000c903200000,0x000000c903300000] [id=15744]
  0x000002700c419800 ConcurrentGCThread "G1 Conc#1" [stack: 0x000000c903300000,0x000000c903400000] [id=17848]
  0x000002702deb3800 ConcurrentGCThread "G1 Refine#0" [stack: 0x000000c903400000,0x000000c903500000] [id=5988]
  0x000002700c4ce000 ConcurrentGCThread "G1 Refine#1" [stack: 0x000000c903500000,0x000000c903600000] [id=17924]
  0x000002702deb6000 ConcurrentGCThread "G1 Refine#2" [stack: 0x000000c903600000,0x000000c903700000] [id=14360]
  0x000002702deb8000 ConcurrentGCThread "G1 Refine#3" [stack: 0x000000c903700000,0x000000c903800000] [id=9956]
  0x000002702dec3000 ConcurrentGCThread "G1 Refine#4" [stack: 0x000000c903800000,0x000000c903900000] [id=5044]
  0x000002702dec5000 ConcurrentGCThread "G1 Refine#5" [stack: 0x000000c903900000,0x000000c903a00000] [id=8988]
  0x000002702dec8000 ConcurrentGCThread "G1 Refine#6" [stack: 0x000000c903a00000,0x000000c903b00000] [id=16000]
  0x000002702decb800 ConcurrentGCThread "G1 Refine#7" [stack: 0x000000c903b00000,0x000000c903c00000] [id=13732]
  0x000002702decc000 ConcurrentGCThread "G1 Young RemSet Sampling" [stack: 0x000000c903c00000,0x000000c903d00000] [id=5328]

Threads with active compile tasks:

VM state:at safepoint (normal execution)

VM Mutex/Monitor currently owned by a thread:  ([mutex/lock_event])
[0x000002700c3f3ce0] Threads_lock - owner thread: 0x000002702e03c000

Heap address: 0x0000000081e00000, size: 2018 MB, Compressed Oops mode: 32-bit
Narrow klass base: 0x0000000000000000, Narrow klass shift: 3
Compressed class space size: 1073741824 Address: 0x0000000100000000

Heap:
 garbage-first heap   total 131072K, used 5120K [0x0000000081e00000, 0x0000000100000000)
  region size 1024K, 6 young (6144K), 0 survivors (0K)
 Metaspace       used 7445K, capacity 7625K, committed 7936K, reserved 1056768K
  class space    used 614K, capacity 667K, committed 768K, reserved 1048576K
Heap Regions: E=young(eden), S=young(survivor), O=old, HS=humongous(starts), HC=humongous(continues), CS=collection set, F=free, A=archive, TS=gc time stamp, AC=allocation context, TAMS=top-at-mark-start (previous, next)
|   0|0x0000000081e00000, 0x0000000081e00000, 0x0000000081f00000|  0%| F|  |TS  0|AC  0|TAMS 0x0000000081e00000, 0x0000000081e00000|
|   1|0x0000000081f00000, 0x0000000081f00000, 0x0000000082000000|  0%| F|  |TS  0|AC  0|TAMS 0x0000000081f00000, 0x0000000081f00000|
|   2|0x0000000082000000, 0x0000000082000000, 0x0000000082100000|  0%| F|  |TS  0|AC  0|TAMS 0x0000000082000000, 0x0000000082000000|
|   3|0x0000000082100000, 0x0000000082100000, 0x0000000082200000|  0%| F|  |TS  0|AC  0|TAMS 0x0000000082100000, 0x0000000082100000|
|   4|0x0000000082200000, 0x0000000082200000, 0x0000000082300000|  0%| F|  |TS  0|AC  0|TAMS 0x0000000082200000, 0x0000000082200000|
|   5|0x0000000082300000, 0x0000000082300000, 0x0000000082400000|  0%| F|  |TS  0|AC  0|TAMS 0x0000000082300000, 0x0000000082300000|
|   6|0x0000000082400000, 0x0000000082400000, 0x0000000082500000|  0%| F|  |TS  0|AC  0|TAMS 0x0000000082400000, 0x0000000082400000|
|   7|0x0000000082500000, 0x0000000082500000, 0x0000000082600000|  0%| F|  |TS  0|AC  0|TAMS 0x0000000082500000, 0x0000000082500000|
|   8|0x0000000082600000, 0x0000000082600000, 0x0000000082700000|  0%| F|  |TS  0|AC  0|TAMS 0x0000000082600000, 0x0000000082600000|
|   9|0x0000000082700000, 0x0000000082700000, 0x0000000082800000|  0%| F|  |TS  0|AC  0|TAMS 0x0000000082700000, 0x0000000082700000|
|  10|0x0000000082800000, 0x0000000082800000, 0x0000000082900000|  0%| F|  |TS  0|AC  0|TAMS 0x0000000082800000, 0x0000000082800000|
|  11|0x0000000082900000, 0x0000000082900000, 0x0000000082a00000|  0%| F|  |TS  0|AC  0|TAMS 0x0000000082900000, 0x0000000082900000|
|  12|0x0000000082a00000, 0x0000000082a00000, 0x0000000082b00000|  0%| F|  |TS  0|AC  0|TAMS 0x0000000082a00000, 0x0000000082a00000|
|  13|0x0000000082b00000, 0x0000000082b00000, 0x0000000082c00000|  0%| F|  |TS  0|AC  0|TAMS 0x0000000082b00000, 0x0000000082b00000|
|  14|0x0000000082c00000, 0x0000000082c00000, 0x0000000082d00000|  0%| F|  |TS  0|AC  0|TAMS 0x0000000082c00000, 0x0000000082c00000|
|  15|0x0000000082d00000, 0x0000000082d00000, 0x0000000082e00000|  0%| F|  |TS  0|AC  0|TAMS 0x0000000082d00000, 0x0000000082d00000|
|  16|0x0000000082e00000, 0x0000000082e00000, 0x0000000082f00000|  0%| F|  |TS  0|AC  0|TAMS 0x0000000082e00000, 0x0000000082e00000|
|  17|0x0000000082f00000, 0x0000000082f00000, 0x0000000083000000|  0%| F|  |TS  0|AC  0|TAMS 0x0000000082f00000, 0x0000000082f00000|
|  18|0x0000000083000000, 0x0000000083000000, 0x0000000083100000|  0%| F|  |TS  0|AC  0|TAMS 0x0000000083000000, 0x0000000083000000|
|  19|0x0000000083100000, 0x0000000083100000, 0x0000000083200000|  0%| F|  |TS  0|AC  0|TAMS 0x0000000083100000, 0x0000000083100000|
|  20|0x0000000083200000, 0x0000000083200000, 0x0000000083300000|  0%| F|  |TS  0|AC  0|TAMS 0x0000000083200000, 0x0000000083200000|
|  21|0x0000000083300000, 0x0000000083300000, 0x0000000083400000|  0%| F|  |TS  0|AC  0|TAMS 0x0000000083300000, 0x0000000083300000|
|  22|0x0000000083400000, 0x0000000083400000, 0x0000000083500000|  0%| F|  |TS  0|AC  0|TAMS 0x0000000083400000, 0x0000000083400000|
|  23|0x0000000083500000, 0x0000000083500000, 0x0000000083600000|  0%| F|  |TS  0|AC  0|TAMS 0x0000000083500000, 0x0000000083500000|
|  24|0x0000000083600000, 0x0000000083600000, 0x0000000083700000|  0%| F|  |TS  0|AC  0|TAMS 0x0000000083600000, 0x0000000083600000|
|  25|0x0000000083700000, 0x0000000083700000, 0x0000000083800000|  0%| F|  |TS  0|AC  0|TAMS 0x0000000083700000, 0x0000000083700000|
|  26|0x0000000083800000, 0x0000000083800000, 0x0000000083900000|  0%| F|  |TS  0|AC  0|TAMS 0x0000000083800000, 0x0000000083800000|
|  27|0x0000000083900000, 0x0000000083900000, 0x0000000083a00000|  0%| F|  |TS  0|AC  0|TAMS 0x0000000083900000, 0x0000000083900000|
|  28|0x0000000083a00000, 0x0000000083a00000, 0x0000000083b00000|  0%| F|  |TS  0|AC  0|TAMS 0x0000000083a00000, 0x0000000083a00000|
|  29|0x0000000083b00000, 0x0000000083b00000, 0x0000000083c00000|  0%| F|  |TS  0|AC  0|TAMS 0x0000000083b00000, 0x0000000083b00000|
|  30|0x0000000083c00000, 0x0000000083c00000, 0x0000000083d00000|  0%| F|  |TS  0|AC  0|TAMS 0x0000000083c00000, 0x0000000083c00000|
|  31|0x0000000083d00000, 0x0000000083d00000, 0x0000000083e00000|  0%| F|  |TS  0|AC  0|TAMS 0x0000000083d00000, 0x0000000083d00000|
|  32|0x0000000083e00000, 0x0000000083e00000, 0x0000000083f00000|  0%| F|  |TS  0|AC  0|TAMS 0x0000000083e00000, 0x0000000083e00000|
|  33|0x0000000083f00000, 0x0000000083f00000, 0x0000000084000000|  0%| F|  |TS  0|AC  0|TAMS 0x0000000083f00000, 0x0000000083f00000|
|  34|0x0000000084000000, 0x0000000084000000, 0x0000000084100000|  0%| F|  |TS  0|AC  0|TAMS 0x0000000084000000, 0x0000000084000000|
|  35|0x0000000084100000, 0x0000000084100000, 0x0000000084200000|  0%| F|  |TS  0|AC  0|TAMS 0x0000000084100000, 0x0000000084100000|
|  36|0x0000000084200000, 0x0000000084200000, 0x0000000084300000|  0%| F|  |TS  0|AC  0|TAMS 0x0000000084200000, 0x0000000084200000|
|  37|0x0000000084300000, 0x0000000084300000, 0x0000000084400000|  0%| F|  |TS  0|AC  0|TAMS 0x0000000084300000, 0x0000000084300000|
|  38|0x0000000084400000, 0x0000000084400000, 0x0000000084500000|  0%| F|  |TS  0|AC  0|TAMS 0x0000000084400000, 0x0000000084400000|
|  39|0x0000000084500000, 0x0000000084500000, 0x0000000084600000|  0%| F|  |TS  0|AC  0|TAMS 0x0000000084500000, 0x0000000084500000|
|  40|0x0000000084600000, 0x0000000084600000, 0x0000000084700000|  0%| F|  |TS  0|AC  0|TAMS 0x0000000084600000, 0x0000000084600000|
|  41|0x0000000084700000, 0x0000000084700000, 0x0000000084800000|  0%| F|  |TS  0|AC  0|TAMS 0x0000000084700000, 0x0000000084700000|
|  42|0x0000000084800000, 0x0000000084800000, 0x0000000084900000|  0%| F|  |TS  0|AC  0|TAMS 0x0000000084800000, 0x0000000084800000|
|  43|0x0000000084900000, 0x0000000084900000, 0x0000000084a00000|  0%| F|  |TS  0|AC  0|TAMS 0x0000000084900000, 0x0000000084900000|
|  44|0x0000000084a00000, 0x0000000084a00000, 0x0000000084b00000|  0%| F|  |TS  0|AC  0|TAMS 0x0000000084a00000, 0x0000000084a00000|
|  45|0x0000000084b00000, 0x0000000084b00000, 0x0000000084c00000|  0%| F|  |TS  0|AC  0|TAMS 0x0000000084b00000, 0x0000000084b00000|
|  46|0x0000000084c00000, 0x0000000084c00000, 0x0000000084d00000|  0%| F|  |TS  0|AC  0|TAMS 0x0000000084c00000, 0x0000000084c00000|
|  47|0x0000000084d00000, 0x0000000084d00000, 0x0000000084e00000|  0%| F|  |TS  0|AC  0|TAMS 0x0000000084d00000, 0x0000000084d00000|
|  48|0x0000000084e00000, 0x0000000084e00000, 0x0000000084f00000|  0%| F|  |TS  0|AC  0|TAMS 0x0000000084e00000, 0x0000000084e00000|
|  49|0x0000000084f00000, 0x0000000084f00000, 0x0000000085000000|  0%| F|  |TS  0|AC  0|TAMS 0x0000000084f00000, 0x0000000084f00000|
|  50|0x0000000085000000, 0x0000000085000000, 0x0000000085100000|  0%| F|  |TS  0|AC  0|TAMS 0x0000000085000000, 0x0000000085000000|
|  51|0x0000000085100000, 0x0000000085100000, 0x0000000085200000|  0%| F|  |TS  0|AC  0|TAMS 0x0000000085100000, 0x0000000085100000|
|  52|0x0000000085200000, 0x0000000085200000, 0x0000000085300000|  0%| F|  |TS  0|AC  0|TAMS 0x0000000085200000, 0x0000000085200000|
|  53|0x0000000085300000, 0x0000000085300000, 0x0000000085400000|  0%| F|  |TS  0|AC  0|TAMS 0x0000000085300000, 0x0000000085300000|
|  54|0x0000000085400000, 0x0000000085400000, 0x0000000085500000|  0%| F|  |TS  0|AC  0|TAMS 0x0000000085400000, 0x0000000085400000|
|  55|0x0000000085500000, 0x0000000085500000, 0x0000000085600000|  0%| F|  |TS  0|AC  0|TAMS 0x0000000085500000, 0x0000000085500000|
|  56|0x0000000085600000, 0x0000000085600000, 0x0000000085700000|  0%| F|  |TS  0|AC  0|TAMS 0x0000000085600000, 0x0000000085600000|
|  57|0x0000000085700000, 0x0000000085700000, 0x0000000085800000|  0%| F|  |TS  0|AC  0|TAMS 0x0000000085700000, 0x0000000085700000|
|  58|0x0000000085800000, 0x0000000085800000, 0x0000000085900000|  0%| F|  |TS  0|AC  0|TAMS 0x0000000085800000, 0x0000000085800000|
|  59|0x0000000085900000, 0x0000000085900000, 0x0000000085a00000|  0%| F|  |TS  0|AC  0|TAMS 0x0000000085900000, 0x0000000085900000|
|  60|0x0000000085a00000, 0x0000000085a00000, 0x0000000085b00000|  0%| F|  |TS  0|AC  0|TAMS 0x0000000085a00000, 0x0000000085a00000|
|  61|0x0000000085b00000, 0x0000000085b00000, 0x0000000085c00000|  0%| F|  |TS  0|AC  0|TAMS 0x0000000085b00000, 0x0000000085b00000|
|  62|0x0000000085c00000, 0x0000000085c00000, 0x0000000085d00000|  0%| F|  |TS  0|AC  0|TAMS 0x0000000085c00000, 0x0000000085c00000|
|  63|0x0000000085d00000, 0x0000000085d00000, 0x0000000085e00000|  0%| F|  |TS  0|AC  0|TAMS 0x0000000085d00000, 0x0000000085d00000|
|  64|0x0000000085e00000, 0x0000000085e00000, 0x0000000085f00000|  0%| F|  |TS  0|AC  0|TAMS 0x0000000085e00000, 0x0000000085e00000|
|  65|0x0000000085f00000, 0x0000000085f00000, 0x0000000086000000|  0%| F|  |TS  0|AC  0|TAMS 0x0000000085f00000, 0x0000000085f00000|
|  66|0x0000000086000000, 0x0000000086000000, 0x0000000086100000|  0%| F|  |TS  0|AC  0|TAMS 0x0000000086000000, 0x0000000086000000|
|  67|0x0000000086100000, 0x0000000086100000, 0x0000000086200000|  0%| F|  |TS  0|AC  0|TAMS 0x0000000086100000, 0x0000000086100000|
|  68|0x0000000086200000, 0x0000000086200000, 0x0000000086300000|  0%| F|  |TS  0|AC  0|TAMS 0x0000000086200000, 0x0000000086200000|
|  69|0x0000000086300000, 0x0000000086300000, 0x0000000086400000|  0%| F|  |TS  0|AC  0|TAMS 0x0000000086300000, 0x0000000086300000|
|  70|0x0000000086400000, 0x0000000086400000, 0x0000000086500000|  0%| F|  |TS  0|AC  0|TAMS 0x0000000086400000, 0x0000000086400000|
|  71|0x0000000086500000, 0x0000000086500000, 0x0000000086600000|  0%| F|  |TS  0|AC  0|TAMS 0x0000000086500000, 0x0000000086500000|
|  72|0x0000000086600000, 0x0000000086600000, 0x0000000086700000|  0%| F|  |TS  0|AC  0|TAMS 0x0000000086600000, 0x0000000086600000|
|  73|0x0000000086700000, 0x0000000086700000, 0x0000000086800000|  0%| F|  |TS  0|AC  0|TAMS 0x0000000086700000, 0x0000000086700000|
|  74|0x0000000086800000, 0x0000000086800000, 0x0000000086900000|  0%| F|  |TS  0|AC  0|TAMS 0x0000000086800000, 0x0000000086800000|
|  75|0x0000000086900000, 0x0000000086900000, 0x0000000086a00000|  0%| F|  |TS  0|AC  0|TAMS 0x0000000086900000, 0x0000000086900000|
|  76|0x0000000086a00000, 0x0000000086a00000, 0x0000000086b00000|  0%| F|  |TS  0|AC  0|TAMS 0x0000000086a00000, 0x0000000086a00000|
|  77|0x0000000086b00000, 0x0000000086b00000, 0x0000000086c00000|  0%| F|  |TS  0|AC  0|TAMS 0x0000000086b00000, 0x0000000086b00000|
|  78|0x0000000086c00000, 0x0000000086c00000, 0x0000000086d00000|  0%| F|  |TS  0|AC  0|TAMS 0x0000000086c00000, 0x0000000086c00000|
|  79|0x0000000086d00000, 0x0000000086d00000, 0x0000000086e00000|  0%| F|  |TS  0|AC  0|TAMS 0x0000000086d00000, 0x0000000086d00000|
|  80|0x0000000086e00000, 0x0000000086e00000, 0x0000000086f00000|  0%| F|  |TS  0|AC  0|TAMS 0x0000000086e00000, 0x0000000086e00000|
|  81|0x0000000086f00000, 0x0000000086f00000, 0x0000000087000000|  0%| F|  |TS  0|AC  0|TAMS 0x0000000086f00000, 0x0000000086f00000|
|  82|0x0000000087000000, 0x0000000087000000, 0x0000000087100000|  0%| F|  |TS  0|AC  0|TAMS 0x0000000087000000, 0x0000000087000000|
|  83|0x0000000087100000, 0x0000000087100000, 0x0000000087200000|  0%| F|  |TS  0|AC  0|TAMS 0x0000000087100000, 0x0000000087100000|
|  84|0x0000000087200000, 0x0000000087200000, 0x0000000087300000|  0%| F|  |TS  0|AC  0|TAMS 0x0000000087200000, 0x0000000087200000|
|  85|0x0000000087300000, 0x0000000087300000, 0x0000000087400000|  0%| F|  |TS  0|AC  0|TAMS 0x0000000087300000, 0x0000000087300000|
|  86|0x0000000087400000, 0x0000000087400000, 0x0000000087500000|  0%| F|  |TS  0|AC  0|TAMS 0x0000000087400000, 0x0000000087400000|
|  87|0x0000000087500000, 0x0000000087500000, 0x0000000087600000|  0%| F|  |TS  0|AC  0|TAMS 0x0000000087500000, 0x0000000087500000|
|  88|0x0000000087600000, 0x0000000087600000, 0x0000000087700000|  0%| F|  |TS  0|AC  0|TAMS 0x0000000087600000, 0x0000000087600000|
|  89|0x0000000087700000, 0x0000000087700000, 0x0000000087800000|  0%| F|  |TS  0|AC  0|TAMS 0x0000000087700000, 0x0000000087700000|
|  90|0x0000000087800000, 0x0000000087800000, 0x0000000087900000|  0%| F|  |TS  0|AC  0|TAMS 0x0000000087800000, 0x0000000087800000|
|  91|0x0000000087900000, 0x0000000087900000, 0x0000000087a00000|  0%| F|  |TS  0|AC  0|TAMS 0x0000000087900000, 0x0000000087900000|
|  92|0x0000000087a00000, 0x0000000087a00000, 0x0000000087b00000|  0%| F|  |TS  0|AC  0|TAMS 0x0000000087a00000, 0x0000000087a00000|
|  93|0x0000000087b00000, 0x0000000087b00000, 0x0000000087c00000|  0%| F|  |TS  0|AC  0|TAMS 0x0000000087b00000, 0x0000000087b00000|
|  94|0x0000000087c00000, 0x0000000087c00000, 0x0000000087d00000|  0%| F|  |TS  0|AC  0|TAMS 0x0000000087c00000, 0x0000000087c00000|
|  95|0x0000000087d00000, 0x0000000087d00000, 0x0000000087e00000|  0%| F|  |TS  0|AC  0|TAMS 0x0000000087d00000, 0x0000000087d00000|
|  96|0x0000000087e00000, 0x0000000087e00000, 0x0000000087f00000|  0%| F|  |TS  0|AC  0|TAMS 0x0000000087e00000, 0x0000000087e00000|
|  97|0x0000000087f00000, 0x0000000087f00000, 0x0000000088000000|  0%| F|  |TS  0|AC  0|TAMS 0x0000000087f00000, 0x0000000087f00000|
|  98|0x0000000088000000, 0x0000000088000000, 0x0000000088100000|  0%| F|  |TS  0|AC  0|TAMS 0x0000000088000000, 0x0000000088000000|
|  99|0x0000000088100000, 0x0000000088100000, 0x0000000088200000|  0%| F|  |TS  0|AC  0|TAMS 0x0000000088100000, 0x0000000088100000|
| 100|0x0000000088200000, 0x0000000088200000, 0x0000000088300000|  0%| F|  |TS  0|AC  0|TAMS 0x0000000088200000, 0x0000000088200000|
| 101|0x0000000088300000, 0x0000000088300000, 0x0000000088400000|  0%| F|  |TS  0|AC  0|TAMS 0x0000000088300000, 0x0000000088300000|
| 102|0x0000000088400000, 0x0000000088400000, 0x0000000088500000|  0%| F|  |TS  0|AC  0|TAMS 0x0000000088400000, 0x0000000088400000|
| 103|0x0000000088500000, 0x0000000088500000, 0x0000000088600000|  0%| F|  |TS  0|AC  0|TAMS 0x0000000088500000, 0x0000000088500000|
| 104|0x0000000088600000, 0x0000000088600000, 0x0000000088700000|  0%| F|  |TS  0|AC  0|TAMS 0x0000000088600000, 0x0000000088600000|
| 105|0x0000000088700000, 0x0000000088700000, 0x0000000088800000|  0%| F|  |TS  0|AC  0|TAMS 0x0000000088700000, 0x0000000088700000|
| 106|0x0000000088800000, 0x0000000088800000, 0x0000000088900000|  0%| F|  |TS  0|AC  0|TAMS 0x0000000088800000, 0x0000000088800000|
| 107|0x0000000088900000, 0x0000000088900000, 0x0000000088a00000|  0%| F|  |TS  0|AC  0|TAMS 0x0000000088900000, 0x0000000088900000|
| 108|0x0000000088a00000, 0x0000000088a00000, 0x0000000088b00000|  0%| F|  |TS  0|AC  0|TAMS 0x0000000088a00000, 0x0000000088a00000|
| 109|0x0000000088b00000, 0x0000000088b00000, 0x0000000088c00000|  0%| F|  |TS  0|AC  0|TAMS 0x0000000088b00000, 0x0000000088b00000|
| 110|0x0000000088c00000, 0x0000000088c00000, 0x0000000088d00000|  0%| F|  |TS  0|AC  0|TAMS 0x0000000088c00000, 0x0000000088c00000|
| 111|0x0000000088d00000, 0x0000000088d00000, 0x0000000088e00000|  0%| F|  |TS  0|AC  0|TAMS 0x0000000088d00000, 0x0000000088d00000|
| 112|0x0000000088e00000, 0x0000000088e00000, 0x0000000088f00000|  0%| F|  |TS  0|AC  0|TAMS 0x0000000088e00000, 0x0000000088e00000|
| 113|0x0000000088f00000, 0x0000000088f00000, 0x0000000089000000|  0%| F|  |TS  0|AC  0|TAMS 0x0000000088f00000, 0x0000000088f00000|
| 114|0x0000000089000000, 0x0000000089000000, 0x0000000089100000|  0%| F|  |TS  0|AC  0|TAMS 0x0000000089000000, 0x0000000089000000|
| 115|0x0000000089100000, 0x0000000089100000, 0x0000000089200000|  0%| F|  |TS  0|AC  0|TAMS 0x0000000089100000, 0x0000000089100000|
| 116|0x0000000089200000, 0x0000000089200000, 0x0000000089300000|  0%| F|  |TS  0|AC  0|TAMS 0x0000000089200000, 0x0000000089200000|
| 117|0x0000000089300000, 0x0000000089300000, 0x0000000089400000|  0%| F|  |TS  0|AC  0|TAMS 0x0000000089300000, 0x0000000089300000|
| 118|0x0000000089400000, 0x0000000089400000, 0x0000000089500000|  0%| F|  |TS  0|AC  0|TAMS 0x0000000089400000, 0x0000000089400000|
| 119|0x0000000089500000, 0x0000000089500000, 0x0000000089600000|  0%| F|  |TS  0|AC  0|TAMS 0x0000000089500000, 0x0000000089500000|
| 120|0x0000000089600000, 0x0000000089600000, 0x0000000089700000|  0%| F|  |TS  0|AC  0|TAMS 0x0000000089600000, 0x0000000089600000|
| 121|0x0000000089700000, 0x0000000089700000, 0x0000000089800000|  0%| F|  |TS  0|AC  0|TAMS 0x0000000089700000, 0x0000000089700000|
| 122|0x0000000089800000, 0x00000000898f7f28, 0x0000000089900000| 96%| E|  |TS  0|AC  0|TAMS 0x0000000089800000, 0x0000000089800000|
| 123|0x0000000089900000, 0x0000000089a00000, 0x0000000089a00000|100%| E|CS|TS  0|AC  0|TAMS 0x0000000089900000, 0x0000000089900000|
| 124|0x0000000089a00000, 0x0000000089b00000, 0x0000000089b00000|100%| E|CS|TS  0|AC  0|TAMS 0x0000000089a00000, 0x0000000089a00000|
| 125|0x0000000089b00000, 0x0000000089c00000, 0x0000000089c00000|100%| E|CS|TS  0|AC  0|TAMS 0x0000000089b00000, 0x0000000089b00000|
| 126|0x0000000089c00000, 0x0000000089d00000, 0x0000000089d00000|100%| E|CS|TS  0|AC  0|TAMS 0x0000000089c00000, 0x0000000089c00000|
| 127|0x0000000089d00000, 0x0000000089e00000, 0x0000000089e00000|100%| E|CS|TS  0|AC  0|TAMS 0x0000000089d00000, 0x0000000089d00000|

Card table byte_map: [0x0000027026ec0000,0x00000270272c0000] byte_map_base: 0x0000027026ab1000

Marking Bits (Prev, Next): (CMBitMap*) 0x000002700c497d60, (CMBitMap*) 0x000002700c497d98
 Prev Bits: [0x00000270276c0000, 0x0000027029648000)
 Next Bits: [0x0000027029650000, 0x000002702b5d8000)

Polling page: 0x000002700a370000

CodeHeap 'non-profiled nmethods': size=120000Kb used=356Kb max_used=356Kb free=119643Kb
 bounds [0x000002701f250000, 0x000002701f4c0000, 0x0000027026780000]
CodeHeap 'profiled nmethods': size=120000Kb used=841Kb max_used=841Kb free=119158Kb
 bounds [0x0000027017d20000, 0x0000027017f90000, 0x000002701f250000]
CodeHeap 'non-nmethods': size=5760Kb used=1135Kb max_used=1287Kb free=4624Kb
 bounds [0x0000027017780000, 0x00000270179f0000, 0x0000027017d20000]
 total_blobs=1013 nmethods=500 adapters=261
 compilation: enabled

Compilation events (10 events):
Event: 41.900 Thread 0x000002702e9ab000  543       4       java.lang.CharacterData::of (120 bytes)
Event: 41.901 Thread 0x000002702e9ab000 nmethod 543 0x000002701f258c90 code [0x000002701f258e20, 0x000002701f258e98]
Event: 46.884 Thread 0x000002702e9ae800  544       4       java.util.regex.Matcher::end (67 bytes)
Event: 46.886 Thread 0x000002702e9ae800 nmethod 544 0x000002701f2a9490 code [0x000002701f2a9640, 0x000002701f2a97d8]
Event: 106.023 Thread 0x000002702e9b2800  545       3       sun.util.locale.provider.LocaleResources::removeEmptyReferences (33 bytes)
Event: 106.024 Thread 0x000002702e9b2800 nmethod 545 0x0000027017dbc910 code [0x0000027017dbcb20, 0x0000027017dbd240]
Event: 202.561 Thread 0x000002702e9b2800  546       3       sun.util.locale.provider.LocaleResources::getDecimalFormatSymbolsData (210 bytes)
Event: 202.566 Thread 0x000002702e9b2800 nmethod 546 0x0000027017df1090 code [0x0000027017df1620, 0x0000027017df4a10]
Event: 172284.523 Thread 0x000002702e9b2800  547       3       java.util.ArrayList::isEmpty (13 bytes)
Event: 172284.524 Thread 0x000002702e9b2800 nmethod 547 0x0000027017d55210 code [0x0000027017d553c0, 0x0000027017d55578]

GC Heap History (0 events):
No events

Deoptimization events (6 events):
Event: 0.129 Thread 0x000002700c3f6000 Uncommon trap: reason=unstable_if action=reinterpret pc=0x000002701f258e80 method=java.util.AbstractCollection.isEmpty()Z @ 4 c2
Event: 0.144 Thread 0x000002700c3f6000 Uncommon trap: reason=unstable_if action=reinterpret pc=0x000002701f25ef44 method=java.util.HashMap.putVal(ILjava/lang/Object;Ljava/lang/Object;ZZ)Ljava/lang/Object; @ 69 c2
Event: 0.144 Thread 0x000002700c3f6000 Uncommon trap: reason=unstable_if action=reinterpret pc=0x000002701f25d138 method=java.util.HashMap.putVal(ILjava/lang/Object;Ljava/lang/Object;ZZ)Ljava/lang/Object; @ 69 c2
Event: 0.189 Thread 0x000002700c3f6000 Uncommon trap: reason=unstable_if action=reinterpret pc=0x000002701f2529a8 method=java.lang.String.hashCode()I @ 14 c2
Event: 2.081 Thread 0x000002700c3f6000 Uncommon trap: reason=unstable_if action=reinterpret pc=0x000002701f262ff4 method=java.lang.String.isLatin1()Z @ 10 c2
Event: 2.084 Thread 0x000002700c3f6000 Uncommon trap: reason=unstable_if action=reinterpret pc=0x000002701f25997c method=java.lang.String.isLatin1()Z @ 10 c2

Classes redefined (8 events):
Event: 202.478 Thread 0x000002702e03c000 redefined class name=SyntacticAnalyzer, count=1
Event: 202.481 Thread 0x000002702e03c000 redefined class name=SyntacticAnalyzer$SynError, count=1
Event: 171873.507 Thread 0x000002702e03c000 redefined class name=SyntacticAnalyzer, count=2
Event: 171873.510 Thread 0x000002702e03c000 redefined class name=SyntacticAnalyzer$SynError, count=2
Event: 172284.416 Thread 0x000002702e03c000 redefined class name=SyntacticAnalyzer, count=3
Event: 172284.418 Thread 0x000002702e03c000 redefined class name=SyntacticAnalyzer$SynError, count=3
Event: 172897.512 Thread 0x000002702e03c000 redefined class name=SyntacticAnalyzer, count=4
Event: 172897.515 Thread 0x000002702e03c000 redefined class name=SyntacticAnalyzer$SynError, count=4

Internal exceptions (1 events):
Event: 0.320 Thread 0x000002700c3f6000 Exception <a 'java/lang/NoSuchMethodError'{0x0000000089904310}: java.lang.Object.lambda$union$2(Ljava/util/regex/Pattern$CharPredicate;I)Z> (0x0000000089904310) thrown at [t:/workspace/open/src/hotspot/share/interpreter/linkResolver.cpp, line 741]

Events (10 events):
Event: 172897.602 Executing VM operation: GetFrameLocation done
Event: 172897.602 Executing VM operation: GetOrSetLocal
Event: 172897.602 Executing VM operation: GetOrSetLocal done
Event: 172897.602 Executing VM operation: GetFrameCount
Event: 172897.603 Executing VM operation: GetFrameCount done
Event: 172897.603 Executing VM operation: GetFrameLocation
Event: 172897.603 Executing VM operation: GetFrameLocation done
Event: 172897.603 Executing VM operation: GetFrameLocation
Event: 172897.603 Executing VM operation: GetFrameLocation done
Event: 172897.603 Executing VM operation: GetOrSetLocal


Dynamic libraries:
0x00007ff6b1190000 - 0x00007ff6b11ce000 	C:\Program Files\Java\jdk-10.0.2\bin\java.exe
0x00007ffc2a2c0000 - 0x00007ffc2a4a1000 	C:\Windows\SYSTEM32\ntdll.dll
0x00007ffc29010000 - 0x00007ffc290c2000 	C:\Windows\System32\KERNEL32.DLL
0x00007ffc26a80000 - 0x00007ffc26cf3000 	C:\Windows\System32\KERNELBASE.dll
0x00007ffc28c70000 - 0x00007ffc28d11000 	C:\Windows\System32\ADVAPI32.dll
0x00007ffc28f70000 - 0x00007ffc2900e000 	C:\Windows\System32\msvcrt.dll
0x00007ffc29ee0000 - 0x00007ffc29f3b000 	C:\Windows\System32\sechost.dll
0x00007ffc28e40000 - 0x00007ffc28f64000 	C:\Windows\System32\RPCRT4.dll
0x00007ffc29940000 - 0x00007ffc29ad0000 	C:\Windows\System32\USER32.dll
0x00007ffc26890000 - 0x00007ffc268b0000 	C:\Windows\System32\win32u.dll
0x00007ffc2a260000 - 0x00007ffc2a288000 	C:\Windows\System32\GDI32.dll
0x00007ffc26690000 - 0x00007ffc26822000 	C:\Windows\System32\gdi32full.dll
0x00007ffc26db0000 - 0x00007ffc26e4f000 	C:\Windows\System32\msvcp_win.dll
0x00007ffc26900000 - 0x00007ffc269fa000 	C:\Windows\System32\ucrtbase.dll
0x00007ffc144e0000 - 0x00007ffc14749000 	C:\Windows\WinSxS\amd64_microsoft.windows.common-controls_6595b64144ccf1df_6.0.17134.345_none_fb429a5930656358\COMCTL32.dll
0x00007ffc162b0000 - 0x00007ffc162ba000 	C:\Windows\SYSTEM32\VERSION.dll
0x00007ffc29610000 - 0x00007ffc29933000 	C:\Windows\System32\combase.dll
0x00007ffc26a00000 - 0x00007ffc26a7a000 	C:\Windows\System32\bcryptPrimitives.dll
0x00007ffc28b90000 - 0x00007ffc28bbd000 	C:\Windows\System32\IMM32.DLL
0x00007ffc17e20000 - 0x00007ffc17f0f000 	C:\Program Files\Java\jdk-10.0.2\bin\msvcr120.dll
0x00007ffc20160000 - 0x00007ffc20206000 	C:\Program Files\Java\jdk-10.0.2\bin\msvcp120.dll
0x00000000561c0000 - 0x0000000056c30000 	C:\Program Files\Java\jdk-10.0.2\bin\server\jvm.dll
0x00007ffc28d40000 - 0x00007ffc28d48000 	C:\Windows\System32\PSAPI.DLL
0x00007ffc0d9a0000 - 0x00007ffc0d9a9000 	C:\Windows\SYSTEM32\WSOCK32.dll
0x00007ffc24410000 - 0x00007ffc24433000 	C:\Windows\SYSTEM32\WINMM.dll
0x00007ffc29d10000 - 0x00007ffc29d7c000 	C:\Windows\System32\WS2_32.dll
0x00007ffc243e0000 - 0x00007ffc2440a000 	C:\Windows\SYSTEM32\WINMMBASE.dll
0x00007ffc268b0000 - 0x00007ffc268f9000 	C:\Windows\System32\cfgmgr32.dll
0x00007ffc244d0000 - 0x00007ffc244df000 	C:\Program Files\Java\jdk-10.0.2\bin\verify.dll
0x00007ffc25040000 - 0x00007ffc25209000 	C:\Windows\SYSTEM32\DBGHELP.DLL
0x00007ffc0a170000 - 0x00007ffc0a199000 	C:\Windows\SYSTEM32\dbgcore.DLL
0x00007ffc22b90000 - 0x00007ffc22bb7000 	C:\Program Files\Java\jdk-10.0.2\bin\java.dll
0x00007ffc14210000 - 0x00007ffc14246000 	C:\Program Files\Java\jdk-10.0.2\bin\jdwp.dll
0x00007ffc210f0000 - 0x00007ffc2111a000 	C:\Program Files\Java\jdk-10.0.2\bin\instrument.dll
0x00007ffc22aa0000 - 0x00007ffc22ab6000 	C:\Program Files\Java\jdk-10.0.2\bin\zip.dll
0x00007ffc244b0000 - 0x00007ffc244ba000 	C:\Program Files\Java\jdk-10.0.2\bin\jimage.dll
0x00007ffc27750000 - 0x00007ffc28b8f000 	C:\Windows\System32\SHELL32.dll
0x00007ffc28bc0000 - 0x00007ffc28c69000 	C:\Windows\System32\shcore.dll
0x00007ffc26e50000 - 0x00007ffc2755d000 	C:\Windows\System32\windows.storage.dll
0x00007ffc29c50000 - 0x00007ffc29ca1000 	C:\Windows\System32\shlwapi.dll
0x00007ffc265d0000 - 0x00007ffc265e1000 	C:\Windows\System32\kernel.appcore.dll
0x00007ffc26640000 - 0x00007ffc2665f000 	C:\Windows\System32\profapi.dll
0x00007ffc265f0000 - 0x00007ffc2663c000 	C:\Windows\System32\powrprof.dll
0x00007ffc26680000 - 0x00007ffc2668a000 	C:\Windows\System32\FLTLIB.DLL
0x00007ffc22b60000 - 0x00007ffc22b6a000 	C:\Program Files\Java\jdk-10.0.2\bin\dt_socket.dll
0x00007ffc25df0000 - 0x00007ffc25e56000 	C:\Windows\system32\mswsock.dll
0x00007ffc213e0000 - 0x00007ffc213fa000 	C:\Program Files\Java\jdk-10.0.2\bin\net.dll
0x00007ffc24cf0000 - 0x00007ffc24dcc000 	C:\Windows\SYSTEM32\WINHTTP.dll
0x00007ffc13830000 - 0x00007ffc13841000 	C:\Program Files\Java\jdk-10.0.2\bin\nio.dll

dbghelp: loaded successfully - version: 4.0.5 - missing functions: none
symbol engine: initialized successfully - sym options: 0x614 - pdb path: .;C:\Program Files\Java\jdk-10.0.2\bin;C:\Windows\SYSTEM32;C:\Windows\WinSxS\amd64_microsoft.windows.common-controls_6595b64144ccf1df_6.0.17134.345_none_fb429a5930656358;C:\Program Files\Java\jdk-10.0.2\bin\server

VM Arguments:
jvm_args: -agentlib:jdwp=transport=dt_socket,address=127.0.0.1:53799,suspend=y,server=n -javaagent:C:\Users\38066\.IntelliJIdea2018.2\system\captureAgent\debugger-agent.jar=file:/C:/Users/38066/AppData/Local/Temp/capture.props -Dfile.encoding=UTF-8 
java_command: Main
java_class_path (initial): C:\Users\38066\IdeaProjects\SP_lab3_Osievskaya\out\production\SP_lab3_Osievskaya;C:\Program Files\JetBrains\IntelliJ IDEA 2018.2.3\lib\idea_rt.jar
Launcher Type: SUN_STANDARD

Logging:
Log output configuration:
#0: stdout all=warning uptime,level,tags
#1: stderr all=off uptime,level,tags

Environment Variables:
PATH=C:\Program Files (x86)\Common Files\Oracle\Java\javapath;C:\Windows\system32;C:\Windows;C:\Windows\System32\Wbem;C:\Windows\System32\WindowsPowerShell\v1.0\;C:\Windows\System32\OpenSSH\;c:\altera\91\quartus\bin;E:\Git\cmd;C:\Program Files\dotnet\;C:\Users\38066\AppData\Local\Microsoft\WindowsApps;;C:\Users\38066\AppData\Local\Programs\Microsoft VS Code\bin;C:\Users\38066\.dotnet\tools
USERNAME=38066
OS=Windows_NT
PROCESSOR_IDENTIFIER=Intel64 Family 6 Model 142 Stepping 10, GenuineIntel



---------------  S Y S T E M  ---------------

OS: Windows 10 , 64 bit Build 17134 (10.0.17134.1)

CPU:total 8 (initial active 8) (4 cores per cpu, 2 threads per core) family 6 model 142 stepping 10, cmov, cx8, fxsr, mmx, sse, sse2, sse3, ssse3, sse4.1, sse4.2, popcnt, avx, avx2, aes, clmul, erms, 3dnowpref, lzcnt, ht, tsc, tscinvbit, bmi1, bmi2, adx, fma

Memory: 4k page, physical 8260236k(1683440k free), swap 12192396k(2625508k free)

vm_info: Java HotSpot(TM) 64-Bit Server VM (10.0.2+13) for windows-amd64 JRE (10.0.2+13), built on Jun 28 2018 01:57:56 by "mach5one" with MS VC++ 12.0 (VS2013)

END.
