#
# A fatal error has been detected by the Java Runtime Environment:
#
#  EXCEPTION_ACCESS_VIOLATION (0xc0000005) at pc=0x00000000564dd8dc, pid=3456, tid=11636
#
# JRE version: Java(TM) SE Runtime Environment (10.0.2+13) (build 10.0.2+13)
# Java VM: Java HotSpot(TM) 64-Bit Server VM (10.0.2+13, mixed mode, tiered, compressed oops, g1 gc, windows-amd64)
# Problematic frame:
# V  [jvm.dll+0x31d8dc]
#
# No core dump will be written. Minidumps are not enabled by default on client versions of Windows
#
# If you would like to submit a bug report, please visit:
#   http://bugreport.java.com/bugreport/crash.jsp
#

---------------  S U M M A R Y ------------

Command Line: -agentlib:jdwp=transport=dt_socket,address=127.0.0.1:55889,suspend=y,server=n -javaagent:C:\Users\38066\.IntelliJIdea2018.2\system\captureAgent\debugger-agent.jar=file:/C:/Users/38066/AppData/Local/Temp/capture.props -Dfile.encoding=UTF-8 Main

Host: Intel(R) Core(TM) i5-8250U CPU @ 1.60GHz, 8 cores, 7G,  Windows 10 , 64 bit Build 17134 (10.0.17134.1)
Time: Tue Nov 13 08:42:14 2018 Ea?onaeeineia a?aiy (ceia) elapsed time: 448 seconds (0d 0h 7m 28s)

---------------  T H R E A D  ---------------

Current thread (0x000002157eae6000):  VMThread "VM Thread" [stack: 0x00000065df500000,0x00000065df600000] [id=11636]

Stack: [0x00000065df500000,0x00000065df600000],  sp=0x00000065df5ff290,  free space=1020k
Native frames: (J=compiled Java code, j=interpreted, Vv=VM code, C=native code)
V  [jvm.dll+0x31d8dc]
V  [jvm.dll+0x31fcc0]
V  [jvm.dll+0x32034e]
V  [jvm.dll+0x31da85]
V  [jvm.dll+0x31cee3]
V  [jvm.dll+0x59097f]
V  [jvm.dll+0x590d66]
V  [jvm.dll+0x590b26]
V  [jvm.dll+0x55c148]
V  [jvm.dll+0x473bca]
V  [jvm.dll+0x6c47bc]
V  [jvm.dll+0x6c2f25]
V  [jvm.dll+0x6c3730]
V  [jvm.dll+0x6c3a6c]
V  [jvm.dll+0x59f4b0]
C  [msvcr120.dll+0x24f7f]
C  [msvcr120.dll+0x25126]
C  [KERNEL32.DLL+0x13034]
C  [ntdll.dll+0x71461]


siginfo: EXCEPTION_ACCESS_VIOLATION (0xc0000005), reading address 0x0000000000000006


Register to memory mapping:

RIP=0x00000000564dd8dc jvm.dll
RAX=0x0000000000000000 is an unknown value
RBX=0x000002157efa57c0 is pointing into metadata
RCX=0x0000000000000000 is an unknown value
RDX=0x0000000000000000 is an unknown value
RSP=0x00000065df5ff290 is an unknown value
RBP=0x0000000000000001 is an unknown value
RSI=0x0000000056b5ac28 jvm.dll
RDI=0x00000065df5ff530 is an unknown value
R8 =0x0000000000000000 is an unknown value
R9 =0x000002157efa57c0 is pointing into metadata
R10=0x000002157eab3608 is an unknown value
R11=0x000002157eab3580 is an unknown value
R12=0x000000005693d601 jvm.dll
R13=0x0000000000000000 is an unknown value
R14=0x0000000000000001 is an unknown value
R15=0x0000000000000050 is an unknown value


Registers:
RAX=0x0000000000000000, RBX=0x000002157efa57c0, RCX=0x0000000000000000, RDX=0x0000000000000000
RSP=0x00000065df5ff290, RBP=0x0000000000000001, RSI=0x0000000056b5ac28, RDI=0x00000065df5ff530
R8 =0x0000000000000000, R9 =0x000002157efa57c0, R10=0x000002157eab3608, R11=0x000002157eab3580
R12=0x000000005693d601, R13=0x0000000000000000, R14=0x0000000000000001, R15=0x0000000000000050
RIP=0x00000000564dd8dc, EFLAGS=0x0000000000010202

Top of Stack: (sp=0x00000065df5ff290)
0x00000065df5ff290:   00000065df5f0700 00000065df5ff530
0x00000065df5ff2a0:   0000000000000001 000000005627b6ea
0x00000065df5ff2b0:   4fffffff2fffffff 0000000000000000
0x00000065df5ff2c0:   0000000046000015 00000000564e1426
0x00000065df5ff2d0:   0000e7ab47d8722d 0000000000000022
0x00000065df5ff2e0:   0000000000000002 00000065df5ff380
0x00000065df5ff2f0:   00000065df5ff530 00000000564dfcc0
0x00000065df5ff300:   00000065df5ff530 0000000000000020
0x00000065df5ff310:   0000000000000001 00000065df5ff530
0x00000065df5ff320:   0000000000000020 0000000000000001
0x00000065df5ff330:   0000000000000050 0000000000000032
0x00000065df5ff340:   000002157eab3050 00000000564e034e
0x00000065df5ff350:   00000065df5ff530 00000065df5ff3b0
0x00000065df5ff360:   0000000000000002 000002157eab3050
0x00000065df5ff370:   0000000000006000 00000000564e21f1
0x00000065df5ff380:   000002157efa6d08 000002157eae6000 

Instructions: (pc=0x00000000564dd8dc)
0x00000000564dd8bc:   8b cb e8 9d 10 f1 ff 48 8b cb 8b d0 e8 c3 37 f1
0x00000000564dd8cc:   ff 48 8d 35 54 d3 67 00 48 63 c8 48 8b 44 cb 40
0x00000000564dd8dc:   0f b6 48 06 8b 05 3e d3 67 00 80 f9 4c 74 2b 80
0x00000000564dd8ec:   f9 5b 74 26 80 f9 4a 74 18 80 f9 44 74 13 48 8d 


VM_Operation (0x00000065dfffef30): GetOrSetLocal, mode: safepoint, requested by thread 0x000002151a36e000


---------------  P R O C E S S  ---------------

Threads class SMR info:
_java_thread_list=0x000002151a375640, length=15, elements={
0x0000021577133000, 0x000002157eaed800, 0x000002157eb02800, 0x000002157f454800,
0x000002157f455000, 0x000002157f45e000, 0x000002157f460800, 0x000002157f461800,
0x000002157f465800, 0x000002157f475800, 0x000002151a36e000, 0x000002151a47c800,
0x000002151a3b1000, 0x000002151a46b800, 0x000002151a46f800
}

Java Threads: ( => current thread )
  0x0000021577133000 JavaThread "main" [_thread_blocked, id=13840, stack(0x00000065de000000,0x00000065de100000)]
  0x000002157eaed800 JavaThread "Reference Handler" daemon [_thread_blocked, id=1980, stack(0x00000065df600000,0x00000065df700000)]
  0x000002157eb02800 JavaThread "Finalizer" daemon [_thread_blocked, id=16332, stack(0x00000065df700000,0x00000065df800000)]
  0x000002157f454800 JavaThread "Signal Dispatcher" daemon [_thread_blocked, id=11424, stack(0x00000065df800000,0x00000065df900000)]
  0x000002157f455000 JavaThread "Attach Listener" daemon [_thread_blocked, id=13680, stack(0x00000065df900000,0x00000065dfa00000)]
  0x000002157f45e000 JavaThread "C2 CompilerThread0" daemon [_thread_blocked, id=12632, stack(0x00000065dfa00000,0x00000065dfb00000)]
  0x000002157f460800 JavaThread "C2 CompilerThread1" daemon [_thread_blocked, id=11916, stack(0x00000065dfb00000,0x00000065dfc00000)]
  0x000002157f461800 JavaThread "C2 CompilerThread2" daemon [_thread_blocked, id=14488, stack(0x00000065dfc00000,0x00000065dfd00000)]
  0x000002157f465800 JavaThread "C1 CompilerThread3" daemon [_thread_blocked, id=456, stack(0x00000065dfd00000,0x00000065dfe00000)]
  0x000002157f475800 JavaThread "Sweeper thread" daemon [_thread_blocked, id=15236, stack(0x00000065dfe00000,0x00000065dff00000)]
  0x000002151a36e000 JavaThread "JDWP Transport Listener: dt_socket" daemon [_thread_blocked, id=912, stack(0x00000065dff00000,0x00000065e0000000)] _threads_hazard_ptr=0x000002151a375640
  0x000002151a47c800 JavaThread "JDWP Event Helper Thread" daemon [_thread_blocked, id=8500, stack(0x00000065e0000000,0x00000065e0100000)]
  0x000002151a3b1000 JavaThread "JDWP Command Reader" daemon [_thread_in_native, id=4512, stack(0x00000065e0100000,0x00000065e0200000)]
  0x000002151a46b800 JavaThread "Common-Cleaner" daemon [_thread_blocked, id=7252, stack(0x00000065e0200000,0x00000065e0300000)]
  0x000002151a46f800 JavaThread "Service Thread" daemon [_thread_blocked, id=12092, stack(0x00000065e0300000,0x00000065e0400000)]

Other Threads:
=>0x000002157eae6000 VMThread "VM Thread" [stack: 0x00000065df500000,0x00000065df600000] [id=11636]
  0x000002151a376000 WatcherThread [stack: 0x00000065e0400000,0x00000065e0500000] [id=7176]
  0x000002157714f000 GCTaskThread "GC Thread#0" [stack: 0x00000065de100000,0x00000065de200000] [id=4236]
  0x0000021577150800 GCTaskThread "GC Thread#1" [stack: 0x00000065de200000,0x00000065de300000] [id=14588]
  0x0000021577152000 GCTaskThread "GC Thread#2" [stack: 0x00000065de300000,0x00000065de400000] [id=4520]
  0x0000021577155800 GCTaskThread "GC Thread#3" [stack: 0x00000065de400000,0x00000065de500000] [id=9040]
  0x0000021577156800 GCTaskThread "GC Thread#4" [stack: 0x00000065de500000,0x00000065de600000] [id=248]
  0x0000021577163800 GCTaskThread "GC Thread#5" [stack: 0x00000065de600000,0x00000065de700000] [id=4568]
  0x0000021577161800 GCTaskThread "GC Thread#6" [stack: 0x00000065de700000,0x00000065de800000] [id=3240]
  0x0000021577164000 GCTaskThread "GC Thread#7" [stack: 0x00000065de800000,0x00000065de900000] [id=11276]
  0x00000215771df000 ConcurrentGCThread "G1 Main Marker" [stack: 0x00000065de900000,0x00000065dea00000] [id=15452]
  0x0000021577162000 ConcurrentGCThread "G1 Conc#0" [stack: 0x00000065dea00000,0x00000065deb00000] [id=4220]
  0x0000021577160800 ConcurrentGCThread "G1 Conc#1" [stack: 0x00000065deb00000,0x00000065dec00000] [id=1232]
  0x000002157e967000 ConcurrentGCThread "G1 Refine#0" [stack: 0x00000065dec00000,0x00000065ded00000] [id=11308]
  0x000002157e967800 ConcurrentGCThread "G1 Refine#1" [stack: 0x00000065ded00000,0x00000065dee00000] [id=9192]
  0x000002157e968000 ConcurrentGCThread "G1 Refine#2" [stack: 0x00000065dee00000,0x00000065def00000] [id=8988]
  0x000002157e96e000 ConcurrentGCThread "G1 Refine#3" [stack: 0x00000065def00000,0x00000065df000000] [id=5184]
  0x000002157e970800 ConcurrentGCThread "G1 Refine#4" [stack: 0x00000065df000000,0x00000065df100000] [id=1700]
  0x000002157e973000 ConcurrentGCThread "G1 Refine#5" [stack: 0x00000065df100000,0x00000065df200000] [id=15280]
  0x000002157e974000 ConcurrentGCThread "G1 Refine#6" [stack: 0x00000065df200000,0x00000065df300000] [id=14792]
  0x000002157e97e800 ConcurrentGCThread "G1 Refine#7" [stack: 0x00000065df300000,0x00000065df400000] [id=16240]
  0x000002157e97f000 ConcurrentGCThread "G1 Young RemSet Sampling" [stack: 0x00000065df400000,0x00000065df500000] [id=3272]

Threads with active compile tasks:

VM state:at safepoint (normal execution)

VM Mutex/Monitor currently owned by a thread:  ([mutex/lock_event])
[0x000002157712fbd0] Threads_lock - owner thread: 0x000002157eae6000

Heap address: 0x0000000081e00000, size: 2018 MB, Compressed Oops mode: 32-bit
Narrow klass base: 0x0000000000000000, Narrow klass shift: 3
Compressed class space size: 1073741824 Address: 0x0000000100000000

Heap:
 garbage-first heap   total 131072K, used 5120K [0x0000000081e00000, 0x0000000100000000)
  region size 1024K, 6 young (6144K), 0 survivors (0K)
 Metaspace       used 7352K, capacity 7558K, committed 7680K, reserved 1056768K
  class space    used 614K, capacity 667K, committed 768K, reserved 1048576K
Heap Regions: E=young(eden), S=young(survivor), O=old, HS=humongous(starts), HC=humongous(continues), CS=collection set, F=free, A=archive, TS=gc time stamp, AC=allocation context, TAMS=top-at-mark-start (previous, next)
|   0|0x0000000081e00000, 0x0000000081e00000, 0x0000000081f00000|  0%| F|  |TS  0|AC  0|TAMS 0x0000000081e00000, 0x0000000081e00000|
|   1|0x0000000081f00000, 0x0000000081f00000, 0x0000000082000000|  0%| F|  |TS  0|AC  0|TAMS 0x0000000081f00000, 0x0000000081f00000|
|   2|0x0000000082000000, 0x0000000082000000, 0x0000000082100000|  0%| F|  |TS  0|AC  0|TAMS 0x0000000082000000, 0x0000000082000000|
|   3|0x0000000082100000, 0x0000000082100000, 0x0000000082200000|  0%| F|  |TS  0|AC  0|TAMS 0x0000000082100000, 0x0000000082100000|
|   4|0x0000000082200000, 0x0000000082200000, 0x0000000082300000|  0%| F|  |TS  0|AC  0|TAMS 0x0000000082200000, 0x0000000082200000|
|   5|0x0000000082300000, 0x0000000082300000, 0x0000000082400000|  0%| F|  |TS  0|AC  0|TAMS 0x0000000082300000, 0x0000000082300000|
|   6|0x0000000082400000, 0x0000000082400000, 0x0000000082500000|  0%| F|  |TS  0|AC  0|TAMS 0x0000000082400000, 0x0000000082400000|
|   7|0x0000000082500000, 0x0000000082500000, 0x0000000082600000|  0%| F|  |TS  0|AC  0|TAMS 0x0000000082500000, 0x0000000082500000|
|   8|0x0000000082600000, 0x0000000082600000, 0x0000000082700000|  0%| F|  |TS  0|AC  0|TAMS 0x0000000082600000, 0x0000000082600000|
|   9|0x0000000082700000, 0x0000000082700000, 0x0000000082800000|  0%| F|  |TS  0|AC  0|TAMS 0x0000000082700000, 0x0000000082700000|
|  10|0x0000000082800000, 0x0000000082800000, 0x0000000082900000|  0%| F|  |TS  0|AC  0|TAMS 0x0000000082800000, 0x0000000082800000|
|  11|0x0000000082900000, 0x0000000082900000, 0x0000000082a00000|  0%| F|  |TS  0|AC  0|TAMS 0x0000000082900000, 0x0000000082900000|
|  12|0x0000000082a00000, 0x0000000082a00000, 0x0000000082b00000|  0%| F|  |TS  0|AC  0|TAMS 0x0000000082a00000, 0x0000000082a00000|
|  13|0x0000000082b00000, 0x0000000082b00000, 0x0000000082c00000|  0%| F|  |TS  0|AC  0|TAMS 0x0000000082b00000, 0x0000000082b00000|
|  14|0x0000000082c00000, 0x0000000082c00000, 0x0000000082d00000|  0%| F|  |TS  0|AC  0|TAMS 0x0000000082c00000, 0x0000000082c00000|
|  15|0x0000000082d00000, 0x0000000082d00000, 0x0000000082e00000|  0%| F|  |TS  0|AC  0|TAMS 0x0000000082d00000, 0x0000000082d00000|
|  16|0x0000000082e00000, 0x0000000082e00000, 0x0000000082f00000|  0%| F|  |TS  0|AC  0|TAMS 0x0000000082e00000, 0x0000000082e00000|
|  17|0x0000000082f00000, 0x0000000082f00000, 0x0000000083000000|  0%| F|  |TS  0|AC  0|TAMS 0x0000000082f00000, 0x0000000082f00000|
|  18|0x0000000083000000, 0x0000000083000000, 0x0000000083100000|  0%| F|  |TS  0|AC  0|TAMS 0x0000000083000000, 0x0000000083000000|
|  19|0x0000000083100000, 0x0000000083100000, 0x0000000083200000|  0%| F|  |TS  0|AC  0|TAMS 0x0000000083100000, 0x0000000083100000|
|  20|0x0000000083200000, 0x0000000083200000, 0x0000000083300000|  0%| F|  |TS  0|AC  0|TAMS 0x0000000083200000, 0x0000000083200000|
|  21|0x0000000083300000, 0x0000000083300000, 0x0000000083400000|  0%| F|  |TS  0|AC  0|TAMS 0x0000000083300000, 0x0000000083300000|
|  22|0x0000000083400000, 0x0000000083400000, 0x0000000083500000|  0%| F|  |TS  0|AC  0|TAMS 0x0000000083400000, 0x0000000083400000|
|  23|0x0000000083500000, 0x0000000083500000, 0x0000000083600000|  0%| F|  |TS  0|AC  0|TAMS 0x0000000083500000, 0x0000000083500000|
|  24|0x0000000083600000, 0x0000000083600000, 0x0000000083700000|  0%| F|  |TS  0|AC  0|TAMS 0x0000000083600000, 0x0000000083600000|
|  25|0x0000000083700000, 0x0000000083700000, 0x0000000083800000|  0%| F|  |TS  0|AC  0|TAMS 0x0000000083700000, 0x0000000083700000|
|  26|0x0000000083800000, 0x0000000083800000, 0x0000000083900000|  0%| F|  |TS  0|AC  0|TAMS 0x0000000083800000, 0x0000000083800000|
|  27|0x0000000083900000, 0x0000000083900000, 0x0000000083a00000|  0%| F|  |TS  0|AC  0|TAMS 0x0000000083900000, 0x0000000083900000|
|  28|0x0000000083a00000, 0x0000000083a00000, 0x0000000083b00000|  0%| F|  |TS  0|AC  0|TAMS 0x0000000083a00000, 0x0000000083a00000|
|  29|0x0000000083b00000, 0x0000000083b00000, 0x0000000083c00000|  0%| F|  |TS  0|AC  0|TAMS 0x0000000083b00000, 0x0000000083b00000|
|  30|0x0000000083c00000, 0x0000000083c00000, 0x0000000083d00000|  0%| F|  |TS  0|AC  0|TAMS 0x0000000083c00000, 0x0000000083c00000|
|  31|0x0000000083d00000, 0x0000000083d00000, 0x0000000083e00000|  0%| F|  |TS  0|AC  0|TAMS 0x0000000083d00000, 0x0000000083d00000|
|  32|0x0000000083e00000, 0x0000000083e00000, 0x0000000083f00000|  0%| F|  |TS  0|AC  0|TAMS 0x0000000083e00000, 0x0000000083e00000|
|  33|0x0000000083f00000, 0x0000000083f00000, 0x0000000084000000|  0%| F|  |TS  0|AC  0|TAMS 0x0000000083f00000, 0x0000000083f00000|
|  34|0x0000000084000000, 0x0000000084000000, 0x0000000084100000|  0%| F|  |TS  0|AC  0|TAMS 0x0000000084000000, 0x0000000084000000|
|  35|0x0000000084100000, 0x0000000084100000, 0x0000000084200000|  0%| F|  |TS  0|AC  0|TAMS 0x0000000084100000, 0x0000000084100000|
|  36|0x0000000084200000, 0x0000000084200000, 0x0000000084300000|  0%| F|  |TS  0|AC  0|TAMS 0x0000000084200000, 0x0000000084200000|
|  37|0x0000000084300000, 0x0000000084300000, 0x0000000084400000|  0%| F|  |TS  0|AC  0|TAMS 0x0000000084300000, 0x0000000084300000|
|  38|0x0000000084400000, 0x0000000084400000, 0x0000000084500000|  0%| F|  |TS  0|AC  0|TAMS 0x0000000084400000, 0x0000000084400000|
|  39|0x0000000084500000, 0x0000000084500000, 0x0000000084600000|  0%| F|  |TS  0|AC  0|TAMS 0x0000000084500000, 0x0000000084500000|
|  40|0x0000000084600000, 0x0000000084600000, 0x0000000084700000|  0%| F|  |TS  0|AC  0|TAMS 0x0000000084600000, 0x0000000084600000|
|  41|0x0000000084700000, 0x0000000084700000, 0x0000000084800000|  0%| F|  |TS  0|AC  0|TAMS 0x0000000084700000, 0x0000000084700000|
|  42|0x0000000084800000, 0x0000000084800000, 0x0000000084900000|  0%| F|  |TS  0|AC  0|TAMS 0x0000000084800000, 0x0000000084800000|
|  43|0x0000000084900000, 0x0000000084900000, 0x0000000084a00000|  0%| F|  |TS  0|AC  0|TAMS 0x0000000084900000, 0x0000000084900000|
|  44|0x0000000084a00000, 0x0000000084a00000, 0x0000000084b00000|  0%| F|  |TS  0|AC  0|TAMS 0x0000000084a00000, 0x0000000084a00000|
|  45|0x0000000084b00000, 0x0000000084b00000, 0x0000000084c00000|  0%| F|  |TS  0|AC  0|TAMS 0x0000000084b00000, 0x0000000084b00000|
|  46|0x0000000084c00000, 0x0000000084c00000, 0x0000000084d00000|  0%| F|  |TS  0|AC  0|TAMS 0x0000000084c00000, 0x0000000084c00000|
|  47|0x0000000084d00000, 0x0000000084d00000, 0x0000000084e00000|  0%| F|  |TS  0|AC  0|TAMS 0x0000000084d00000, 0x0000000084d00000|
|  48|0x0000000084e00000, 0x0000000084e00000, 0x0000000084f00000|  0%| F|  |TS  0|AC  0|TAMS 0x0000000084e00000, 0x0000000084e00000|
|  49|0x0000000084f00000, 0x0000000084f00000, 0x0000000085000000|  0%| F|  |TS  0|AC  0|TAMS 0x0000000084f00000, 0x0000000084f00000|
|  50|0x0000000085000000, 0x0000000085000000, 0x0000000085100000|  0%| F|  |TS  0|AC  0|TAMS 0x0000000085000000, 0x0000000085000000|
|  51|0x0000000085100000, 0x0000000085100000, 0x0000000085200000|  0%| F|  |TS  0|AC  0|TAMS 0x0000000085100000, 0x0000000085100000|
|  52|0x0000000085200000, 0x0000000085200000, 0x0000000085300000|  0%| F|  |TS  0|AC  0|TAMS 0x0000000085200000, 0x0000000085200000|
|  53|0x0000000085300000, 0x0000000085300000, 0x0000000085400000|  0%| F|  |TS  0|AC  0|TAMS 0x0000000085300000, 0x0000000085300000|
|  54|0x0000000085400000, 0x0000000085400000, 0x0000000085500000|  0%| F|  |TS  0|AC  0|TAMS 0x0000000085400000, 0x0000000085400000|
|  55|0x0000000085500000, 0x0000000085500000, 0x0000000085600000|  0%| F|  |TS  0|AC  0|TAMS 0x0000000085500000, 0x0000000085500000|
|  56|0x0000000085600000, 0x0000000085600000, 0x0000000085700000|  0%| F|  |TS  0|AC  0|TAMS 0x0000000085600000, 0x0000000085600000|
|  57|0x0000000085700000, 0x0000000085700000, 0x0000000085800000|  0%| F|  |TS  0|AC  0|TAMS 0x0000000085700000, 0x0000000085700000|
|  58|0x0000000085800000, 0x0000000085800000, 0x0000000085900000|  0%| F|  |TS  0|AC  0|TAMS 0x0000000085800000, 0x0000000085800000|
|  59|0x0000000085900000, 0x0000000085900000, 0x0000000085a00000|  0%| F|  |TS  0|AC  0|TAMS 0x0000000085900000, 0x0000000085900000|
|  60|0x0000000085a00000, 0x0000000085a00000, 0x0000000085b00000|  0%| F|  |TS  0|AC  0|TAMS 0x0000000085a00000, 0x0000000085a00000|
|  61|0x0000000085b00000, 0x0000000085b00000, 0x0000000085c00000|  0%| F|  |TS  0|AC  0|TAMS 0x0000000085b00000, 0x0000000085b00000|
|  62|0x0000000085c00000, 0x0000000085c00000, 0x0000000085d00000|  0%| F|  |TS  0|AC  0|TAMS 0x0000000085c00000, 0x0000000085c00000|
|  63|0x0000000085d00000, 0x0000000085d00000, 0x0000000085e00000|  0%| F|  |TS  0|AC  0|TAMS 0x0000000085d00000, 0x0000000085d00000|
|  64|0x0000000085e00000, 0x0000000085e00000, 0x0000000085f00000|  0%| F|  |TS  0|AC  0|TAMS 0x0000000085e00000, 0x0000000085e00000|
|  65|0x0000000085f00000, 0x0000000085f00000, 0x0000000086000000|  0%| F|  |TS  0|AC  0|TAMS 0x0000000085f00000, 0x0000000085f00000|
|  66|0x0000000086000000, 0x0000000086000000, 0x0000000086100000|  0%| F|  |TS  0|AC  0|TAMS 0x0000000086000000, 0x0000000086000000|
|  67|0x0000000086100000, 0x0000000086100000, 0x0000000086200000|  0%| F|  |TS  0|AC  0|TAMS 0x0000000086100000, 0x0000000086100000|
|  68|0x0000000086200000, 0x0000000086200000, 0x0000000086300000|  0%| F|  |TS  0|AC  0|TAMS 0x0000000086200000, 0x0000000086200000|
|  69|0x0000000086300000, 0x0000000086300000, 0x0000000086400000|  0%| F|  |TS  0|AC  0|TAMS 0x0000000086300000, 0x0000000086300000|
|  70|0x0000000086400000, 0x0000000086400000, 0x0000000086500000|  0%| F|  |TS  0|AC  0|TAMS 0x0000000086400000, 0x0000000086400000|
|  71|0x0000000086500000, 0x0000000086500000, 0x0000000086600000|  0%| F|  |TS  0|AC  0|TAMS 0x0000000086500000, 0x0000000086500000|
|  72|0x0000000086600000, 0x0000000086600000, 0x0000000086700000|  0%| F|  |TS  0|AC  0|TAMS 0x0000000086600000, 0x0000000086600000|
|  73|0x0000000086700000, 0x0000000086700000, 0x0000000086800000|  0%| F|  |TS  0|AC  0|TAMS 0x0000000086700000, 0x0000000086700000|
|  74|0x0000000086800000, 0x0000000086800000, 0x0000000086900000|  0%| F|  |TS  0|AC  0|TAMS 0x0000000086800000, 0x0000000086800000|
|  75|0x0000000086900000, 0x0000000086900000, 0x0000000086a00000|  0%| F|  |TS  0|AC  0|TAMS 0x0000000086900000, 0x0000000086900000|
|  76|0x0000000086a00000, 0x0000000086a00000, 0x0000000086b00000|  0%| F|  |TS  0|AC  0|TAMS 0x0000000086a00000, 0x0000000086a00000|
|  77|0x0000000086b00000, 0x0000000086b00000, 0x0000000086c00000|  0%| F|  |TS  0|AC  0|TAMS 0x0000000086b00000, 0x0000000086b00000|
|  78|0x0000000086c00000, 0x0000000086c00000, 0x0000000086d00000|  0%| F|  |TS  0|AC  0|TAMS 0x0000000086c00000, 0x0000000086c00000|
|  79|0x0000000086d00000, 0x0000000086d00000, 0x0000000086e00000|  0%| F|  |TS  0|AC  0|TAMS 0x0000000086d00000, 0x0000000086d00000|
|  80|0x0000000086e00000, 0x0000000086e00000, 0x0000000086f00000|  0%| F|  |TS  0|AC  0|TAMS 0x0000000086e00000, 0x0000000086e00000|
|  81|0x0000000086f00000, 0x0000000086f00000, 0x0000000087000000|  0%| F|  |TS  0|AC  0|TAMS 0x0000000086f00000, 0x0000000086f00000|
|  82|0x0000000087000000, 0x0000000087000000, 0x0000000087100000|  0%| F|  |TS  0|AC  0|TAMS 0x0000000087000000, 0x0000000087000000|
|  83|0x0000000087100000, 0x0000000087100000, 0x0000000087200000|  0%| F|  |TS  0|AC  0|TAMS 0x0000000087100000, 0x0000000087100000|
|  84|0x0000000087200000, 0x0000000087200000, 0x0000000087300000|  0%| F|  |TS  0|AC  0|TAMS 0x0000000087200000, 0x0000000087200000|
|  85|0x0000000087300000, 0x0000000087300000, 0x0000000087400000|  0%| F|  |TS  0|AC  0|TAMS 0x0000000087300000, 0x0000000087300000|
|  86|0x0000000087400000, 0x0000000087400000, 0x0000000087500000|  0%| F|  |TS  0|AC  0|TAMS 0x0000000087400000, 0x0000000087400000|
|  87|0x0000000087500000, 0x0000000087500000, 0x0000000087600000|  0%| F|  |TS  0|AC  0|TAMS 0x0000000087500000, 0x0000000087500000|
|  88|0x0000000087600000, 0x0000000087600000, 0x0000000087700000|  0%| F|  |TS  0|AC  0|TAMS 0x0000000087600000, 0x0000000087600000|
|  89|0x0000000087700000, 0x0000000087700000, 0x0000000087800000|  0%| F|  |TS  0|AC  0|TAMS 0x0000000087700000, 0x0000000087700000|
|  90|0x0000000087800000, 0x0000000087800000, 0x0000000087900000|  0%| F|  |TS  0|AC  0|TAMS 0x0000000087800000, 0x0000000087800000|
|  91|0x0000000087900000, 0x0000000087900000, 0x0000000087a00000|  0%| F|  |TS  0|AC  0|TAMS 0x0000000087900000, 0x0000000087900000|
|  92|0x0000000087a00000, 0x0000000087a00000, 0x0000000087b00000|  0%| F|  |TS  0|AC  0|TAMS 0x0000000087a00000, 0x0000000087a00000|
|  93|0x0000000087b00000, 0x0000000087b00000, 0x0000000087c00000|  0%| F|  |TS  0|AC  0|TAMS 0x0000000087b00000, 0x0000000087b00000|
|  94|0x0000000087c00000, 0x0000000087c00000, 0x0000000087d00000|  0%| F|  |TS  0|AC  0|TAMS 0x0000000087c00000, 0x0000000087c00000|
|  95|0x0000000087d00000, 0x0000000087d00000, 0x0000000087e00000|  0%| F|  |TS  0|AC  0|TAMS 0x0000000087d00000, 0x0000000087d00000|
|  96|0x0000000087e00000, 0x0000000087e00000, 0x0000000087f00000|  0%| F|  |TS  0|AC  0|TAMS 0x0000000087e00000, 0x0000000087e00000|
|  97|0x0000000087f00000, 0x0000000087f00000, 0x0000000088000000|  0%| F|  |TS  0|AC  0|TAMS 0x0000000087f00000, 0x0000000087f00000|
|  98|0x0000000088000000, 0x0000000088000000, 0x0000000088100000|  0%| F|  |TS  0|AC  0|TAMS 0x0000000088000000, 0x0000000088000000|
|  99|0x0000000088100000, 0x0000000088100000, 0x0000000088200000|  0%| F|  |TS  0|AC  0|TAMS 0x0000000088100000, 0x0000000088100000|
| 100|0x0000000088200000, 0x0000000088200000, 0x0000000088300000|  0%| F|  |TS  0|AC  0|TAMS 0x0000000088200000, 0x0000000088200000|
| 101|0x0000000088300000, 0x0000000088300000, 0x0000000088400000|  0%| F|  |TS  0|AC  0|TAMS 0x0000000088300000, 0x0000000088300000|
| 102|0x0000000088400000, 0x0000000088400000, 0x0000000088500000|  0%| F|  |TS  0|AC  0|TAMS 0x0000000088400000, 0x0000000088400000|
| 103|0x0000000088500000, 0x0000000088500000, 0x0000000088600000|  0%| F|  |TS  0|AC  0|TAMS 0x0000000088500000, 0x0000000088500000|
| 104|0x0000000088600000, 0x0000000088600000, 0x0000000088700000|  0%| F|  |TS  0|AC  0|TAMS 0x0000000088600000, 0x0000000088600000|
| 105|0x0000000088700000, 0x0000000088700000, 0x0000000088800000|  0%| F|  |TS  0|AC  0|TAMS 0x0000000088700000, 0x0000000088700000|
| 106|0x0000000088800000, 0x0000000088800000, 0x0000000088900000|  0%| F|  |TS  0|AC  0|TAMS 0x0000000088800000, 0x0000000088800000|
| 107|0x0000000088900000, 0x0000000088900000, 0x0000000088a00000|  0%| F|  |TS  0|AC  0|TAMS 0x0000000088900000, 0x0000000088900000|
| 108|0x0000000088a00000, 0x0000000088a00000, 0x0000000088b00000|  0%| F|  |TS  0|AC  0|TAMS 0x0000000088a00000, 0x0000000088a00000|
| 109|0x0000000088b00000, 0x0000000088b00000, 0x0000000088c00000|  0%| F|  |TS  0|AC  0|TAMS 0x0000000088b00000, 0x0000000088b00000|
| 110|0x0000000088c00000, 0x0000000088c00000, 0x0000000088d00000|  0%| F|  |TS  0|AC  0|TAMS 0x0000000088c00000, 0x0000000088c00000|
| 111|0x0000000088d00000, 0x0000000088d00000, 0x0000000088e00000|  0%| F|  |TS  0|AC  0|TAMS 0x0000000088d00000, 0x0000000088d00000|
| 112|0x0000000088e00000, 0x0000000088e00000, 0x0000000088f00000|  0%| F|  |TS  0|AC  0|TAMS 0x0000000088e00000, 0x0000000088e00000|
| 113|0x0000000088f00000, 0x0000000088f00000, 0x0000000089000000|  0%| F|  |TS  0|AC  0|TAMS 0x0000000088f00000, 0x0000000088f00000|
| 114|0x0000000089000000, 0x0000000089000000, 0x0000000089100000|  0%| F|  |TS  0|AC  0|TAMS 0x0000000089000000, 0x0000000089000000|
| 115|0x0000000089100000, 0x0000000089100000, 0x0000000089200000|  0%| F|  |TS  0|AC  0|TAMS 0x0000000089100000, 0x0000000089100000|
| 116|0x0000000089200000, 0x0000000089200000, 0x0000000089300000|  0%| F|  |TS  0|AC  0|TAMS 0x0000000089200000, 0x0000000089200000|
| 117|0x0000000089300000, 0x0000000089300000, 0x0000000089400000|  0%| F|  |TS  0|AC  0|TAMS 0x0000000089300000, 0x0000000089300000|
| 118|0x0000000089400000, 0x0000000089400000, 0x0000000089500000|  0%| F|  |TS  0|AC  0|TAMS 0x0000000089400000, 0x0000000089400000|
| 119|0x0000000089500000, 0x0000000089500000, 0x0000000089600000|  0%| F|  |TS  0|AC  0|TAMS 0x0000000089500000, 0x0000000089500000|
| 120|0x0000000089600000, 0x0000000089600000, 0x0000000089700000|  0%| F|  |TS  0|AC  0|TAMS 0x0000000089600000, 0x0000000089600000|
| 121|0x0000000089700000, 0x0000000089700000, 0x0000000089800000|  0%| F|  |TS  0|AC  0|TAMS 0x0000000089700000, 0x0000000089700000|
| 122|0x0000000089800000, 0x000000008987c870, 0x0000000089900000| 48%| E|  |TS  0|AC  0|TAMS 0x0000000089800000, 0x0000000089800000|
| 123|0x0000000089900000, 0x0000000089a00000, 0x0000000089a00000|100%| E|CS|TS  0|AC  0|TAMS 0x0000000089900000, 0x0000000089900000|
| 124|0x0000000089a00000, 0x0000000089b00000, 0x0000000089b00000|100%| E|CS|TS  0|AC  0|TAMS 0x0000000089a00000, 0x0000000089a00000|
| 125|0x0000000089b00000, 0x0000000089c00000, 0x0000000089c00000|100%| E|CS|TS  0|AC  0|TAMS 0x0000000089b00000, 0x0000000089b00000|
| 126|0x0000000089c00000, 0x0000000089d00000, 0x0000000089d00000|100%| E|CS|TS  0|AC  0|TAMS 0x0000000089c00000, 0x0000000089c00000|
| 127|0x0000000089d00000, 0x0000000089e00000, 0x0000000089e00000|100%| E|CS|TS  0|AC  0|TAMS 0x0000000089d00000, 0x0000000089d00000|

Card table byte_map: [0x0000021577940000,0x0000021577d40000] byte_map_base: 0x0000021577531000

Marking Bits (Prev, Next): (CMBitMap*) 0x00000215771de670, (CMBitMap*) 0x00000215771de6a8
 Prev Bits: [0x0000021578140000, 0x000002157a0c8000)
 Next Bits: [0x000002157a0d0000, 0x000002157c058000)

Polling page: 0x0000021575110000

CodeHeap 'non-profiled nmethods': size=120000Kb used=144Kb max_used=144Kb free=119855Kb
 bounds [0x0000021512d80000, 0x0000021512ff0000, 0x000002151a2b0000]
CodeHeap 'profiled nmethods': size=120000Kb used=609Kb max_used=609Kb free=119391Kb
 bounds [0x000002150b850000, 0x000002150bac0000, 0x0000021512d80000]
CodeHeap 'non-nmethods': size=5760Kb used=1136Kb max_used=1147Kb free=4623Kb
 bounds [0x000002150b2b0000, 0x000002150b520000, 0x000002150b850000]
 total_blobs=874 nmethods=438 adapters=261
 compilation: enabled

Compilation events (10 events):
Event: 235.897 Thread 0x000002157f465800  435       3       java.util.regex.Pattern$BranchConn::match (11 bytes)
Event: 235.898 Thread 0x000002157f465800 nmethod 435 0x000002150b8e7090 code [0x000002150b8e7260, 0x000002150b8e74b0]
Event: 235.898 Thread 0x000002157f465800  436       3       java.util.Formatter$Conversion::isGeneral (64 bytes)
Event: 235.898 Thread 0x000002157f465800 nmethod 436 0x000002150b8e7590 code [0x000002150b8e7740, 0x000002150b8e78d8]
Event: 235.898 Thread 0x000002157f465800  437       1       java.util.Formatter$FormatSpecifier::index (5 bytes)
Event: 235.898 Thread 0x000002157f465800 nmethod 437 0x0000021512da3f10 code [0x0000021512da40c0, 0x0000021512da41d8]
Event: 268.989 Thread 0x000002157f465800  438       3       java.lang.Character::digit (6 bytes)
Event: 268.990 Thread 0x000002157f465800 nmethod 438 0x000002150b8e7990 code [0x000002150b8e7b60, 0x000002150b8e7e00]
Event: 268.990 Thread 0x000002157f465800  439       3       java.lang.Character::digit (10 bytes)
Event: 268.990 Thread 0x000002157f465800 nmethod 439 0x000002150b8e7f10 code [0x000002150b8e80e0, 0x000002150b8e8320]

GC Heap History (0 events):
No events

Deoptimization events (3 events):
Event: 0.209 Thread 0x0000021577133000 Uncommon trap: reason=unstable_if action=reinterpret pc=0x0000021512d82d28 method=java.lang.String.hashCode()I @ 14 c2
Event: 0.381 Thread 0x0000021577133000 Uncommon trap: reason=unstable_if action=reinterpret pc=0x0000021512d92974 method=java.lang.String.isLatin1()Z @ 10 c2
Event: 0.383 Thread 0x0000021577133000 Uncommon trap: reason=unstable_if action=reinterpret pc=0x0000021512d9117c method=java.lang.String.isLatin1()Z @ 10 c2

Classes redefined (9 events):
Event: 134.131 Thread 0x000002157eae6000 redefined class name=SyntacticAnalyzer$Exception, count=1
Event: 134.132 Thread 0x000002157eae6000 redefined class name=SyntacticAnalyzer, count=1
Event: 235.870 Thread 0x000002157eae6000 redefined class name=SyntacticAnalyzer$Exception, count=2
Event: 235.871 Thread 0x000002157eae6000 redefined class name=SyntacticAnalyzer, count=2
Event: 268.954 Thread 0x000002157eae6000 redefined class name=SyntacticAnalyzer$Exception, count=3
Event: 268.955 Thread 0x000002157eae6000 redefined class name=SyntacticAnalyzer, count=3
Event: 448.878 Thread 0x000002157eae6000 redefined class name=SyntacticAnalyzer$Exception, count=4
Event: 448.879 Thread 0x000002157eae6000 redefined class name=Main, count=1
Event: 448.880 Thread 0x000002157eae6000 redefined class name=SyntacticAnalyzer, count=4

Internal exceptions (1 events):
Event: 0.349 Thread 0x0000021577133000 Exception <a 'java/lang/NoSuchMethodError'{0x0000000089904310}: java.lang.Object.lambda$union$2(Ljava/util/regex/Pattern$CharPredicate;I)Z> (0x0000000089904310) thrown at [t:/workspace/open/src/hotspot/share/interpreter/linkResolver.cpp, line 741]

Events (10 events):
Event: 448.882 Executing VM operation: RedefineClasses done
Event: 448.882 Executing VM operation: GetFrameCount
Event: 448.882 Executing VM operation: GetFrameCount done
Event: 448.882 Executing VM operation: GetFrameCount
Event: 448.882 Executing VM operation: GetFrameCount done
Event: 448.882 Executing VM operation: GetFrameLocation
Event: 448.882 Executing VM operation: GetFrameLocation done
Event: 448.883 Executing VM operation: GetFrameLocation
Event: 448.883 Executing VM operation: GetFrameLocation done
Event: 448.883 Executing VM operation: GetOrSetLocal


Dynamic libraries:
0x00007ff6b1190000 - 0x00007ff6b11ce000 	C:\Program Files\Java\jdk-10.0.2\bin\java.exe
0x00007ffc2a2c0000 - 0x00007ffc2a4a1000 	C:\Windows\SYSTEM32\ntdll.dll
0x00007ffc29010000 - 0x00007ffc290c2000 	C:\Windows\System32\KERNEL32.DLL
0x00007ffc26a80000 - 0x00007ffc26cf3000 	C:\Windows\System32\KERNELBASE.dll
0x00007ffc28c70000 - 0x00007ffc28d11000 	C:\Windows\System32\ADVAPI32.dll
0x00007ffc28f70000 - 0x00007ffc2900e000 	C:\Windows\System32\msvcrt.dll
0x00007ffc29ee0000 - 0x00007ffc29f3b000 	C:\Windows\System32\sechost.dll
0x00007ffc28e40000 - 0x00007ffc28f64000 	C:\Windows\System32\RPCRT4.dll
0x00007ffc29940000 - 0x00007ffc29ad0000 	C:\Windows\System32\USER32.dll
0x00007ffc26890000 - 0x00007ffc268b0000 	C:\Windows\System32\win32u.dll
0x00007ffc2a260000 - 0x00007ffc2a288000 	C:\Windows\System32\GDI32.dll
0x00007ffc26690000 - 0x00007ffc26822000 	C:\Windows\System32\gdi32full.dll
0x00007ffc26db0000 - 0x00007ffc26e4f000 	C:\Windows\System32\msvcp_win.dll
0x00007ffc26900000 - 0x00007ffc269fa000 	C:\Windows\System32\ucrtbase.dll
0x00007ffc144e0000 - 0x00007ffc14749000 	C:\Windows\WinSxS\amd64_microsoft.windows.common-controls_6595b64144ccf1df_6.0.17134.345_none_fb429a5930656358\COMCTL32.dll
0x00007ffc162b0000 - 0x00007ffc162ba000 	C:\Windows\SYSTEM32\VERSION.dll
0x00007ffc29610000 - 0x00007ffc29933000 	C:\Windows\System32\combase.dll
0x00007ffc26a00000 - 0x00007ffc26a7a000 	C:\Windows\System32\bcryptPrimitives.dll
0x00007ffc28b90000 - 0x00007ffc28bbd000 	C:\Windows\System32\IMM32.DLL
0x00007ffc17e20000 - 0x00007ffc17f0f000 	C:\Program Files\Java\jdk-10.0.2\bin\msvcr120.dll
0x00007ffc20140000 - 0x00007ffc201e6000 	C:\Program Files\Java\jdk-10.0.2\bin\msvcp120.dll
0x00000000561c0000 - 0x0000000056c30000 	C:\Program Files\Java\jdk-10.0.2\bin\server\jvm.dll
0x00007ffc28d40000 - 0x00007ffc28d48000 	C:\Windows\System32\PSAPI.DLL
0x00007ffc0d9a0000 - 0x00007ffc0d9a9000 	C:\Windows\SYSTEM32\WSOCK32.dll
0x00007ffc29d10000 - 0x00007ffc29d7c000 	C:\Windows\System32\WS2_32.dll
0x00007ffc24410000 - 0x00007ffc24433000 	C:\Windows\SYSTEM32\WINMM.dll
0x00007ffc243e0000 - 0x00007ffc2440a000 	C:\Windows\SYSTEM32\WINMMBASE.dll
0x00007ffc268b0000 - 0x00007ffc268f9000 	C:\Windows\System32\cfgmgr32.dll
0x00007ffc244b0000 - 0x00007ffc244bf000 	C:\Program Files\Java\jdk-10.0.2\bin\verify.dll
0x00007ffc25040000 - 0x00007ffc25209000 	C:\Windows\SYSTEM32\DBGHELP.DLL
0x00007ffc0a170000 - 0x00007ffc0a199000 	C:\Windows\SYSTEM32\dbgcore.DLL
0x00007ffc22b90000 - 0x00007ffc22bb7000 	C:\Program Files\Java\jdk-10.0.2\bin\java.dll
0x00007ffc140d0000 - 0x00007ffc14106000 	C:\Program Files\Java\jdk-10.0.2\bin\jdwp.dll
0x00007ffc22a90000 - 0x00007ffc22aba000 	C:\Program Files\Java\jdk-10.0.2\bin\instrument.dll
0x00007ffc22b70000 - 0x00007ffc22b86000 	C:\Program Files\Java\jdk-10.0.2\bin\zip.dll
0x00007ffc22b60000 - 0x00007ffc22b6a000 	C:\Program Files\Java\jdk-10.0.2\bin\jimage.dll
0x00007ffc27750000 - 0x00007ffc28b8f000 	C:\Windows\System32\SHELL32.dll
0x00007ffc28bc0000 - 0x00007ffc28c69000 	C:\Windows\System32\shcore.dll
0x00007ffc26e50000 - 0x00007ffc2755d000 	C:\Windows\System32\windows.storage.dll
0x00007ffc29c50000 - 0x00007ffc29ca1000 	C:\Windows\System32\shlwapi.dll
0x00007ffc265d0000 - 0x00007ffc265e1000 	C:\Windows\System32\kernel.appcore.dll
0x00007ffc26640000 - 0x00007ffc2665f000 	C:\Windows\System32\profapi.dll
0x00007ffc265f0000 - 0x00007ffc2663c000 	C:\Windows\System32\powrprof.dll
0x00007ffc26680000 - 0x00007ffc2668a000 	C:\Windows\System32\FLTLIB.DLL
0x00007ffc21240000 - 0x00007ffc2124a000 	C:\Program Files\Java\jdk-10.0.2\bin\dt_socket.dll
0x00007ffc25df0000 - 0x00007ffc25e56000 	C:\Windows\system32\mswsock.dll
0x00007ffc21100000 - 0x00007ffc2111a000 	C:\Program Files\Java\jdk-10.0.2\bin\net.dll
0x00007ffc24cf0000 - 0x00007ffc24dcc000 	C:\Windows\SYSTEM32\WINHTTP.dll
0x00007ffc140b0000 - 0x00007ffc140c1000 	C:\Program Files\Java\jdk-10.0.2\bin\nio.dll

dbghelp: loaded successfully - version: 4.0.5 - missing functions: none
symbol engine: initialized successfully - sym options: 0x614 - pdb path: .;C:\Program Files\Java\jdk-10.0.2\bin;C:\Windows\SYSTEM32;C:\Windows\WinSxS\amd64_microsoft.windows.common-controls_6595b64144ccf1df_6.0.17134.345_none_fb429a5930656358;C:\Program Files\Java\jdk-10.0.2\bin\server

VM Arguments:
jvm_args: -agentlib:jdwp=transport=dt_socket,address=127.0.0.1:55889,suspend=y,server=n -javaagent:C:\Users\38066\.IntelliJIdea2018.2\system\captureAgent\debugger-agent.jar=file:/C:/Users/38066/AppData/Local/Temp/capture.props -Dfile.encoding=UTF-8 
java_command: Main
java_class_path (initial): C:\Users\38066\IdeaProjects\SP_lab3_Osievskaya\out\production\SP_lab3_Osievskaya;C:\Program Files\JetBrains\IntelliJ IDEA 2018.2.3\lib\idea_rt.jar
Launcher Type: SUN_STANDARD

Logging:
Log output configuration:
#0: stdout all=warning uptime,level,tags
#1: stderr all=off uptime,level,tags

Environment Variables:
PATH=C:\Program Files (x86)\Common Files\Oracle\Java\javapath;C:\Windows\system32;C:\Windows;C:\Windows\System32\Wbem;C:\Windows\System32\WindowsPowerShell\v1.0\;C:\Windows\System32\OpenSSH\;c:\altera\91\quartus\bin;E:\Git\cmd;C:\Program Files\dotnet\;C:\Users\38066\AppData\Local\Microsoft\WindowsApps;;C:\Users\38066\AppData\Local\Programs\Microsoft VS Code\bin;C:\Users\38066\.dotnet\tools
USERNAME=38066
OS=Windows_NT
PROCESSOR_IDENTIFIER=Intel64 Family 6 Model 142 Stepping 10, GenuineIntel



---------------  S Y S T E M  ---------------

OS: Windows 10 , 64 bit Build 17134 (10.0.17134.1)

CPU:total 8 (initial active 8) (4 cores per cpu, 2 threads per core) family 6 model 142 stepping 10, cmov, cx8, fxsr, mmx, sse, sse2, sse3, ssse3, sse4.1, sse4.2, popcnt, avx, avx2, aes, clmul, erms, 3dnowpref, lzcnt, ht, tsc, tscinvbit, bmi1, bmi2, adx, fma

Memory: 4k page, physical 8260236k(1607492k free), swap 14314092k(1778960k free)

vm_info: Java HotSpot(TM) 64-Bit Server VM (10.0.2+13) for windows-amd64 JRE (10.0.2+13), built on Jun 28 2018 01:57:56 by "mach5one" with MS VC++ 12.0 (VS2013)

END.
