#
# A fatal error has been detected by the Java Runtime Environment:
#
#  Internal Error (t:/workspace/open/src/hotspot/share/utilities/constantTag.cpp:60), pid=500, tid=7992
#  Error: ShouldNotReachHere()
#
# JRE version: Java(TM) SE Runtime Environment (10.0.2+13) (build 10.0.2+13)
# Java VM: Java HotSpot(TM) 64-Bit Server VM (10.0.2+13, mixed mode, tiered, compressed oops, g1 gc, windows-amd64)
# No core dump will be written. Minidumps are not enabled by default on client versions of Windows
#
# If you would like to submit a bug report, please visit:
#   http://bugreport.java.com/bugreport/crash.jsp
#

---------------  S U M M A R Y ------------

Command Line: -agentlib:jdwp=transport=dt_socket,address=127.0.0.1:56106,suspend=y,server=n -javaagent:C:\Users\38066\.IntelliJIdea2018.2\system\captureAgent\debugger-agent.jar=file:/C:/Users/38066/AppData/Local/Temp/capture.props -Dfile.encoding=UTF-8 Main

Host: Intel(R) Core(TM) i5-8250U CPU @ 1.60GHz, 8 cores, 7G,  Windows 10 , 64 bit Build 17134 (10.0.17134.1)
Time: Tue Nov 13 09:38:39 2018 Ea?onaeeineia a?aiy (ceia) elapsed time: 3531 seconds (0d 0h 58m 51s)

---------------  T H R E A D  ---------------

Current thread (0x0000023e86985000):  VMThread "VM Thread" [stack: 0x000000dee2600000,0x000000dee2700000] [id=7992]

Stack: [0x000000dee2600000,0x000000dee2700000]
[error occurred during error reporting (printing stack bounds), id 0xe0000000]

Native frames: (J=compiled Java code, j=interpreted, Vv=VM code, C=native code)
V  [jvm.dll+0x5a01a9]
V  [jvm.dll+0x6bcf31]
V  [jvm.dll+0x6be126]
V  [jvm.dll+0x6be715]
V  [jvm.dll+0x6be6cb]
V  [jvm.dll+0x59f993]
V  [jvm.dll+0x59fda8]
C  [ntdll.dll+0x9ed2d]
C  [ntdll.dll+0x6c86]
C  [ntdll.dll+0x9dc5e]
C  0x0000023eef8e0ead

VM_Operation (0x000000dee30ff5c0): GetOrSetLocal, mode: safepoint, requested by thread 0x0000023e8785d800


---------------  P R O C E S S  ---------------

Threads class SMR info:
_java_thread_list=0x0000023e8797a750, length=15, elements={
0x0000023ee2d26000, 0x0000023e86995000, 0x0000023e8699e000, 0x0000023e87306800,
0x0000023e87307000, 0x0000023e8730c000, 0x0000023e8730e800, 0x0000023e869ad000,
0x0000023e87314000, 0x0000023e87324800, 0x0000023e8785d800, 0x0000023e875a7000,
0x0000023e87671000, 0x0000023e878a2000, 0x0000023e8784c000
}

Java Threads: ( => current thread )
  0x0000023ee2d26000 JavaThread "main" [_thread_blocked, id=11272, stack(0x000000dee1100000,0x000000dee1200000)]
  0x0000023e86995000 JavaThread "Reference Handler" daemon [_thread_blocked, id=15060, stack(0x000000dee2700000,0x000000dee2800000)]
  0x0000023e8699e000 JavaThread "Finalizer" daemon [_thread_blocked, id=14696, stack(0x000000dee2800000,0x000000dee2900000)]
  0x0000023e87306800 JavaThread "Signal Dispatcher" daemon [_thread_blocked, id=14548, stack(0x000000dee2900000,0x000000dee2a00000)]
  0x0000023e87307000 JavaThread "Attach Listener" daemon [_thread_blocked, id=13608, stack(0x000000dee2a00000,0x000000dee2b00000)]
  0x0000023e8730c000 JavaThread "C2 CompilerThread0" daemon [_thread_blocked, id=14608, stack(0x000000dee2b00000,0x000000dee2c00000)]
  0x0000023e8730e800 JavaThread "C2 CompilerThread1" daemon [_thread_blocked, id=13164, stack(0x000000dee2c00000,0x000000dee2d00000)]
  0x0000023e869ad000 JavaThread "C2 CompilerThread2" daemon [_thread_blocked, id=14728, stack(0x000000dee2d00000,0x000000dee2e00000)]
  0x0000023e87314000 JavaThread "C1 CompilerThread3" daemon [_thread_blocked, id=8760, stack(0x000000dee2e00000,0x000000dee2f00000)]
  0x0000023e87324800 JavaThread "Sweeper thread" daemon [_thread_blocked, id=16336, stack(0x000000dee2f00000,0x000000dee3000000)]
  0x0000023e8785d800 JavaThread "JDWP Transport Listener: dt_socket" daemon [_thread_blocked, id=6784, stack(0x000000dee3000000,0x000000dee3100000)] _threads_hazard_ptr=0x0000023e8797a750
  0x0000023e875a7000 JavaThread "JDWP Event Helper Thread" daemon [_thread_blocked, id=14832, stack(0x000000dee3100000,0x000000dee3200000)]
  0x0000023e87671000 JavaThread "JDWP Command Reader" daemon [_thread_in_native, id=15820, stack(0x000000dee3200000,0x000000dee3300000)]
  0x0000023e878a2000 JavaThread "Common-Cleaner" daemon [_thread_blocked, id=15192, stack(0x000000dee3300000,0x000000dee3400000)]
  0x0000023e8784c000 JavaThread "Service Thread" daemon [_thread_blocked, id=4660, stack(0x000000dee3400000,0x000000dee3500000)]

Other Threads:
=>0x0000023e86985000 VMThread "VM Thread" [stack: 0x000000dee2600000,0x000000dee2700000] [id=7992]
  0x0000023e87a01800 WatcherThread [stack: 0x000000dee3500000,0x000000dee3600000] [id=13732]
  0x0000023ee2d41000 GCTaskThread "GC Thread#0" [stack: 0x000000dee1200000,0x000000dee1300000] [id=6188]
  0x0000023ee2d42800 GCTaskThread "GC Thread#1" [stack: 0x000000dee1300000,0x000000dee1400000] [id=14584]
  0x0000023ee2d44000 GCTaskThread "GC Thread#2" [stack: 0x000000dee1400000,0x000000dee1500000] [id=2052]
  0x0000023ee2d46800 GCTaskThread "GC Thread#3" [stack: 0x000000dee1500000,0x000000dee1600000] [id=4460]
  0x0000023ee2d47800 GCTaskThread "GC Thread#4" [stack: 0x000000dee1600000,0x000000dee1700000] [id=2108]
  0x0000023ee2d51000 GCTaskThread "GC Thread#5" [stack: 0x000000dee1700000,0x000000dee1800000] [id=16100]
  0x0000023ee2d56000 GCTaskThread "GC Thread#6" [stack: 0x000000dee1800000,0x000000dee1900000] [id=9128]
  0x0000023ee2d56800 GCTaskThread "GC Thread#7" [stack: 0x000000dee1900000,0x000000dee1a00000] [id=8696]
  0x0000023ee2dc9000 ConcurrentGCThread "G1 Main Marker" [stack: 0x000000dee1a00000,0x000000dee1b00000] [id=2696]
  0x0000023ee2dc9800 ConcurrentGCThread "G1 Conc#0" [stack: 0x000000dee1b00000,0x000000dee1c00000] [id=720]
  0x0000023ee2dca800 ConcurrentGCThread "G1 Conc#1" [stack: 0x000000dee1c00000,0x000000dee1d00000] [id=10744]
  0x0000023ee2dfd800 ConcurrentGCThread "G1 Refine#0" [stack: 0x000000dee1d00000,0x000000dee1e00000] [id=15092]
  0x0000023e86805800 ConcurrentGCThread "G1 Refine#1" [stack: 0x000000dee1e00000,0x000000dee1f00000] [id=9760]
  0x0000023e86808800 ConcurrentGCThread "G1 Refine#2" [stack: 0x000000dee1f00000,0x000000dee2000000] [id=15644]
  0x0000023e8680a000 ConcurrentGCThread "G1 Refine#3" [stack: 0x000000dee2000000,0x000000dee2100000] [id=16220]
  0x0000023e8680e000 ConcurrentGCThread "G1 Refine#4" [stack: 0x000000dee2100000,0x000000dee2200000] [id=3872]
  0x0000023e86811000 ConcurrentGCThread "G1 Refine#5" [stack: 0x000000dee2200000,0x000000dee2300000] [id=15940]
  0x0000023e86813800 ConcurrentGCThread "G1 Refine#6" [stack: 0x000000dee2300000,0x000000dee2400000] [id=11400]
  0x0000023e86816800 ConcurrentGCThread "G1 Refine#7" [stack: 0x000000dee2400000,0x000000dee2500000] [id=14664]
  0x0000023e86817000 ConcurrentGCThread "G1 Young RemSet Sampling" [stack: 0x000000dee2500000,0x000000dee2600000] [id=10160]

Threads with active compile tasks:

VM state:at safepoint (normal execution)

VM Mutex/Monitor currently owned by a thread:  ([mutex/lock_event])
[0x0000023ee2d22fe0] Threads_lock - owner thread: 0x0000023e86985000

Heap address: 0x0000000081e00000, size: 2018 MB, Compressed Oops mode: 32-bit
Narrow klass base: 0x0000000000000000, Narrow klass shift: 3
Compressed class space size: 1073741824 Address: 0x0000000100000000

Heap:
 garbage-first heap   total 131072K, used 5120K [0x0000000081e00000, 0x0000000100000000)
  region size 1024K, 6 young (6144K), 0 survivors (0K)
 Metaspace       used 7355K, capacity 7558K, committed 7680K, reserved 1056768K
  class space    used 612K, capacity 667K, committed 768K, reserved 1048576K
Heap Regions: E=young(eden), S=young(survivor), O=old, HS=humongous(starts), HC=humongous(continues), CS=collection set, F=free, A=archive, TS=gc time stamp, AC=allocation context, TAMS=top-at-mark-start (previous, next)
|   0|0x0000000081e00000, 0x0000000081e00000, 0x0000000081f00000|  0%| F|  |TS  0|AC  0|TAMS 0x0000000081e00000, 0x0000000081e00000|
|   1|0x0000000081f00000, 0x0000000081f00000, 0x0000000082000000|  0%| F|  |TS  0|AC  0|TAMS 0x0000000081f00000, 0x0000000081f00000|
|   2|0x0000000082000000, 0x0000000082000000, 0x0000000082100000|  0%| F|  |TS  0|AC  0|TAMS 0x0000000082000000, 0x0000000082000000|
|   3|0x0000000082100000, 0x0000000082100000, 0x0000000082200000|  0%| F|  |TS  0|AC  0|TAMS 0x0000000082100000, 0x0000000082100000|
|   4|0x0000000082200000, 0x0000000082200000, 0x0000000082300000|  0%| F|  |TS  0|AC  0|TAMS 0x0000000082200000, 0x0000000082200000|
|   5|0x0000000082300000, 0x0000000082300000, 0x0000000082400000|  0%| F|  |TS  0|AC  0|TAMS 0x0000000082300000, 0x0000000082300000|
|   6|0x0000000082400000, 0x0000000082400000, 0x0000000082500000|  0%| F|  |TS  0|AC  0|TAMS 0x0000000082400000, 0x0000000082400000|
|   7|0x0000000082500000, 0x0000000082500000, 0x0000000082600000|  0%| F|  |TS  0|AC  0|TAMS 0x0000000082500000, 0x0000000082500000|
|   8|0x0000000082600000, 0x0000000082600000, 0x0000000082700000|  0%| F|  |TS  0|AC  0|TAMS 0x0000000082600000, 0x0000000082600000|
|   9|0x0000000082700000, 0x0000000082700000, 0x0000000082800000|  0%| F|  |TS  0|AC  0|TAMS 0x0000000082700000, 0x0000000082700000|
|  10|0x0000000082800000, 0x0000000082800000, 0x0000000082900000|  0%| F|  |TS  0|AC  0|TAMS 0x0000000082800000, 0x0000000082800000|
|  11|0x0000000082900000, 0x0000000082900000, 0x0000000082a00000|  0%| F|  |TS  0|AC  0|TAMS 0x0000000082900000, 0x0000000082900000|
|  12|0x0000000082a00000, 0x0000000082a00000, 0x0000000082b00000|  0%| F|  |TS  0|AC  0|TAMS 0x0000000082a00000, 0x0000000082a00000|
|  13|0x0000000082b00000, 0x0000000082b00000, 0x0000000082c00000|  0%| F|  |TS  0|AC  0|TAMS 0x0000000082b00000, 0x0000000082b00000|
|  14|0x0000000082c00000, 0x0000000082c00000, 0x0000000082d00000|  0%| F|  |TS  0|AC  0|TAMS 0x0000000082c00000, 0x0000000082c00000|
|  15|0x0000000082d00000, 0x0000000082d00000, 0x0000000082e00000|  0%| F|  |TS  0|AC  0|TAMS 0x0000000082d00000, 0x0000000082d00000|
|  16|0x0000000082e00000, 0x0000000082e00000, 0x0000000082f00000|  0%| F|  |TS  0|AC  0|TAMS 0x0000000082e00000, 0x0000000082e00000|
|  17|0x0000000082f00000, 0x0000000082f00000, 0x0000000083000000|  0%| F|  |TS  0|AC  0|TAMS 0x0000000082f00000, 0x0000000082f00000|
|  18|0x0000000083000000, 0x0000000083000000, 0x0000000083100000|  0%| F|  |TS  0|AC  0|TAMS 0x0000000083000000, 0x0000000083000000|
|  19|0x0000000083100000, 0x0000000083100000, 0x0000000083200000|  0%| F|  |TS  0|AC  0|TAMS 0x0000000083100000, 0x0000000083100000|
|  20|0x0000000083200000, 0x0000000083200000, 0x0000000083300000|  0%| F|  |TS  0|AC  0|TAMS 0x0000000083200000, 0x0000000083200000|
|  21|0x0000000083300000, 0x0000000083300000, 0x0000000083400000|  0%| F|  |TS  0|AC  0|TAMS 0x0000000083300000, 0x0000000083300000|
|  22|0x0000000083400000, 0x0000000083400000, 0x0000000083500000|  0%| F|  |TS  0|AC  0|TAMS 0x0000000083400000, 0x0000000083400000|
|  23|0x0000000083500000, 0x0000000083500000, 0x0000000083600000|  0%| F|  |TS  0|AC  0|TAMS 0x0000000083500000, 0x0000000083500000|
|  24|0x0000000083600000, 0x0000000083600000, 0x0000000083700000|  0%| F|  |TS  0|AC  0|TAMS 0x0000000083600000, 0x0000000083600000|
|  25|0x0000000083700000, 0x0000000083700000, 0x0000000083800000|  0%| F|  |TS  0|AC  0|TAMS 0x0000000083700000, 0x0000000083700000|
|  26|0x0000000083800000, 0x0000000083800000, 0x0000000083900000|  0%| F|  |TS  0|AC  0|TAMS 0x0000000083800000, 0x0000000083800000|
|  27|0x0000000083900000, 0x0000000083900000, 0x0000000083a00000|  0%| F|  |TS  0|AC  0|TAMS 0x0000000083900000, 0x0000000083900000|
|  28|0x0000000083a00000, 0x0000000083a00000, 0x0000000083b00000|  0%| F|  |TS  0|AC  0|TAMS 0x0000000083a00000, 0x0000000083a00000|
|  29|0x0000000083b00000, 0x0000000083b00000, 0x0000000083c00000|  0%| F|  |TS  0|AC  0|TAMS 0x0000000083b00000, 0x0000000083b00000|
|  30|0x0000000083c00000, 0x0000000083c00000, 0x0000000083d00000|  0%| F|  |TS  0|AC  0|TAMS 0x0000000083c00000, 0x0000000083c00000|
|  31|0x0000000083d00000, 0x0000000083d00000, 0x0000000083e00000|  0%| F|  |TS  0|AC  0|TAMS 0x0000000083d00000, 0x0000000083d00000|
|  32|0x0000000083e00000, 0x0000000083e00000, 0x0000000083f00000|  0%| F|  |TS  0|AC  0|TAMS 0x0000000083e00000, 0x0000000083e00000|
|  33|0x0000000083f00000, 0x0000000083f00000, 0x0000000084000000|  0%| F|  |TS  0|AC  0|TAMS 0x0000000083f00000, 0x0000000083f00000|
|  34|0x0000000084000000, 0x0000000084000000, 0x0000000084100000|  0%| F|  |TS  0|AC  0|TAMS 0x0000000084000000, 0x0000000084000000|
|  35|0x0000000084100000, 0x0000000084100000, 0x0000000084200000|  0%| F|  |TS  0|AC  0|TAMS 0x0000000084100000, 0x0000000084100000|
|  36|0x0000000084200000, 0x0000000084200000, 0x0000000084300000|  0%| F|  |TS  0|AC  0|TAMS 0x0000000084200000, 0x0000000084200000|
|  37|0x0000000084300000, 0x0000000084300000, 0x0000000084400000|  0%| F|  |TS  0|AC  0|TAMS 0x0000000084300000, 0x0000000084300000|
|  38|0x0000000084400000, 0x0000000084400000, 0x0000000084500000|  0%| F|  |TS  0|AC  0|TAMS 0x0000000084400000, 0x0000000084400000|
|  39|0x0000000084500000, 0x0000000084500000, 0x0000000084600000|  0%| F|  |TS  0|AC  0|TAMS 0x0000000084500000, 0x0000000084500000|
|  40|0x0000000084600000, 0x0000000084600000, 0x0000000084700000|  0%| F|  |TS  0|AC  0|TAMS 0x0000000084600000, 0x0000000084600000|
|  41|0x0000000084700000, 0x0000000084700000, 0x0000000084800000|  0%| F|  |TS  0|AC  0|TAMS 0x0000000084700000, 0x0000000084700000|
|  42|0x0000000084800000, 0x0000000084800000, 0x0000000084900000|  0%| F|  |TS  0|AC  0|TAMS 0x0000000084800000, 0x0000000084800000|
|  43|0x0000000084900000, 0x0000000084900000, 0x0000000084a00000|  0%| F|  |TS  0|AC  0|TAMS 0x0000000084900000, 0x0000000084900000|
|  44|0x0000000084a00000, 0x0000000084a00000, 0x0000000084b00000|  0%| F|  |TS  0|AC  0|TAMS 0x0000000084a00000, 0x0000000084a00000|
|  45|0x0000000084b00000, 0x0000000084b00000, 0x0000000084c00000|  0%| F|  |TS  0|AC  0|TAMS 0x0000000084b00000, 0x0000000084b00000|
|  46|0x0000000084c00000, 0x0000000084c00000, 0x0000000084d00000|  0%| F|  |TS  0|AC  0|TAMS 0x0000000084c00000, 0x0000000084c00000|
|  47|0x0000000084d00000, 0x0000000084d00000, 0x0000000084e00000|  0%| F|  |TS  0|AC  0|TAMS 0x0000000084d00000, 0x0000000084d00000|
|  48|0x0000000084e00000, 0x0000000084e00000, 0x0000000084f00000|  0%| F|  |TS  0|AC  0|TAMS 0x0000000084e00000, 0x0000000084e00000|
|  49|0x0000000084f00000, 0x0000000084f00000, 0x0000000085000000|  0%| F|  |TS  0|AC  0|TAMS 0x0000000084f00000, 0x0000000084f00000|
|  50|0x0000000085000000, 0x0000000085000000, 0x0000000085100000|  0%| F|  |TS  0|AC  0|TAMS 0x0000000085000000, 0x0000000085000000|
|  51|0x0000000085100000, 0x0000000085100000, 0x0000000085200000|  0%| F|  |TS  0|AC  0|TAMS 0x0000000085100000, 0x0000000085100000|
|  52|0x0000000085200000, 0x0000000085200000, 0x0000000085300000|  0%| F|  |TS  0|AC  0|TAMS 0x0000000085200000, 0x0000000085200000|
|  53|0x0000000085300000, 0x0000000085300000, 0x0000000085400000|  0%| F|  |TS  0|AC  0|TAMS 0x0000000085300000, 0x0000000085300000|
|  54|0x0000000085400000, 0x0000000085400000, 0x0000000085500000|  0%| F|  |TS  0|AC  0|TAMS 0x0000000085400000, 0x0000000085400000|
|  55|0x0000000085500000, 0x0000000085500000, 0x0000000085600000|  0%| F|  |TS  0|AC  0|TAMS 0x0000000085500000, 0x0000000085500000|
|  56|0x0000000085600000, 0x0000000085600000, 0x0000000085700000|  0%| F|  |TS  0|AC  0|TAMS 0x0000000085600000, 0x0000000085600000|
|  57|0x0000000085700000, 0x0000000085700000, 0x0000000085800000|  0%| F|  |TS  0|AC  0|TAMS 0x0000000085700000, 0x0000000085700000|
|  58|0x0000000085800000, 0x0000000085800000, 0x0000000085900000|  0%| F|  |TS  0|AC  0|TAMS 0x0000000085800000, 0x0000000085800000|
|  59|0x0000000085900000, 0x0000000085900000, 0x0000000085a00000|  0%| F|  |TS  0|AC  0|TAMS 0x0000000085900000, 0x0000000085900000|
|  60|0x0000000085a00000, 0x0000000085a00000, 0x0000000085b00000|  0%| F|  |TS  0|AC  0|TAMS 0x0000000085a00000, 0x0000000085a00000|
|  61|0x0000000085b00000, 0x0000000085b00000, 0x0000000085c00000|  0%| F|  |TS  0|AC  0|TAMS 0x0000000085b00000, 0x0000000085b00000|
|  62|0x0000000085c00000, 0x0000000085c00000, 0x0000000085d00000|  0%| F|  |TS  0|AC  0|TAMS 0x0000000085c00000, 0x0000000085c00000|
|  63|0x0000000085d00000, 0x0000000085d00000, 0x0000000085e00000|  0%| F|  |TS  0|AC  0|TAMS 0x0000000085d00000, 0x0000000085d00000|
|  64|0x0000000085e00000, 0x0000000085e00000, 0x0000000085f00000|  0%| F|  |TS  0|AC  0|TAMS 0x0000000085e00000, 0x0000000085e00000|
|  65|0x0000000085f00000, 0x0000000085f00000, 0x0000000086000000|  0%| F|  |TS  0|AC  0|TAMS 0x0000000085f00000, 0x0000000085f00000|
|  66|0x0000000086000000, 0x0000000086000000, 0x0000000086100000|  0%| F|  |TS  0|AC  0|TAMS 0x0000000086000000, 0x0000000086000000|
|  67|0x0000000086100000, 0x0000000086100000, 0x0000000086200000|  0%| F|  |TS  0|AC  0|TAMS 0x0000000086100000, 0x0000000086100000|
|  68|0x0000000086200000, 0x0000000086200000, 0x0000000086300000|  0%| F|  |TS  0|AC  0|TAMS 0x0000000086200000, 0x0000000086200000|
|  69|0x0000000086300000, 0x0000000086300000, 0x0000000086400000|  0%| F|  |TS  0|AC  0|TAMS 0x0000000086300000, 0x0000000086300000|
|  70|0x0000000086400000, 0x0000000086400000, 0x0000000086500000|  0%| F|  |TS  0|AC  0|TAMS 0x0000000086400000, 0x0000000086400000|
|  71|0x0000000086500000, 0x0000000086500000, 0x0000000086600000|  0%| F|  |TS  0|AC  0|TAMS 0x0000000086500000, 0x0000000086500000|
|  72|0x0000000086600000, 0x0000000086600000, 0x0000000086700000|  0%| F|  |TS  0|AC  0|TAMS 0x0000000086600000, 0x0000000086600000|
|  73|0x0000000086700000, 0x0000000086700000, 0x0000000086800000|  0%| F|  |TS  0|AC  0|TAMS 0x0000000086700000, 0x0000000086700000|
|  74|0x0000000086800000, 0x0000000086800000, 0x0000000086900000|  0%| F|  |TS  0|AC  0|TAMS 0x0000000086800000, 0x0000000086800000|
|  75|0x0000000086900000, 0x0000000086900000, 0x0000000086a00000|  0%| F|  |TS  0|AC  0|TAMS 0x0000000086900000, 0x0000000086900000|
|  76|0x0000000086a00000, 0x0000000086a00000, 0x0000000086b00000|  0%| F|  |TS  0|AC  0|TAMS 0x0000000086a00000, 0x0000000086a00000|
|  77|0x0000000086b00000, 0x0000000086b00000, 0x0000000086c00000|  0%| F|  |TS  0|AC  0|TAMS 0x0000000086b00000, 0x0000000086b00000|
|  78|0x0000000086c00000, 0x0000000086c00000, 0x0000000086d00000|  0%| F|  |TS  0|AC  0|TAMS 0x0000000086c00000, 0x0000000086c00000|
|  79|0x0000000086d00000, 0x0000000086d00000, 0x0000000086e00000|  0%| F|  |TS  0|AC  0|TAMS 0x0000000086d00000, 0x0000000086d00000|
|  80|0x0000000086e00000, 0x0000000086e00000, 0x0000000086f00000|  0%| F|  |TS  0|AC  0|TAMS 0x0000000086e00000, 0x0000000086e00000|
|  81|0x0000000086f00000, 0x0000000086f00000, 0x0000000087000000|  0%| F|  |TS  0|AC  0|TAMS 0x0000000086f00000, 0x0000000086f00000|
|  82|0x0000000087000000, 0x0000000087000000, 0x0000000087100000|  0%| F|  |TS  0|AC  0|TAMS 0x0000000087000000, 0x0000000087000000|
|  83|0x0000000087100000, 0x0000000087100000, 0x0000000087200000|  0%| F|  |TS  0|AC  0|TAMS 0x0000000087100000, 0x0000000087100000|
|  84|0x0000000087200000, 0x0000000087200000, 0x0000000087300000|  0%| F|  |TS  0|AC  0|TAMS 0x0000000087200000, 0x0000000087200000|
|  85|0x0000000087300000, 0x0000000087300000, 0x0000000087400000|  0%| F|  |TS  0|AC  0|TAMS 0x0000000087300000, 0x0000000087300000|
|  86|0x0000000087400000, 0x0000000087400000, 0x0000000087500000|  0%| F|  |TS  0|AC  0|TAMS 0x0000000087400000, 0x0000000087400000|
|  87|0x0000000087500000, 0x0000000087500000, 0x0000000087600000|  0%| F|  |TS  0|AC  0|TAMS 0x0000000087500000, 0x0000000087500000|
|  88|0x0000000087600000, 0x0000000087600000, 0x0000000087700000|  0%| F|  |TS  0|AC  0|TAMS 0x0000000087600000, 0x0000000087600000|
|  89|0x0000000087700000, 0x0000000087700000, 0x0000000087800000|  0%| F|  |TS  0|AC  0|TAMS 0x0000000087700000, 0x0000000087700000|
|  90|0x0000000087800000, 0x0000000087800000, 0x0000000087900000|  0%| F|  |TS  0|AC  0|TAMS 0x0000000087800000, 0x0000000087800000|
|  91|0x0000000087900000, 0x0000000087900000, 0x0000000087a00000|  0%| F|  |TS  0|AC  0|TAMS 0x0000000087900000, 0x0000000087900000|
|  92|0x0000000087a00000, 0x0000000087a00000, 0x0000000087b00000|  0%| F|  |TS  0|AC  0|TAMS 0x0000000087a00000, 0x0000000087a00000|
|  93|0x0000000087b00000, 0x0000000087b00000, 0x0000000087c00000|  0%| F|  |TS  0|AC  0|TAMS 0x0000000087b00000, 0x0000000087b00000|
|  94|0x0000000087c00000, 0x0000000087c00000, 0x0000000087d00000|  0%| F|  |TS  0|AC  0|TAMS 0x0000000087c00000, 0x0000000087c00000|
|  95|0x0000000087d00000, 0x0000000087d00000, 0x0000000087e00000|  0%| F|  |TS  0|AC  0|TAMS 0x0000000087d00000, 0x0000000087d00000|
|  96|0x0000000087e00000, 0x0000000087e00000, 0x0000000087f00000|  0%| F|  |TS  0|AC  0|TAMS 0x0000000087e00000, 0x0000000087e00000|
|  97|0x0000000087f00000, 0x0000000087f00000, 0x0000000088000000|  0%| F|  |TS  0|AC  0|TAMS 0x0000000087f00000, 0x0000000087f00000|
|  98|0x0000000088000000, 0x0000000088000000, 0x0000000088100000|  0%| F|  |TS  0|AC  0|TAMS 0x0000000088000000, 0x0000000088000000|
|  99|0x0000000088100000, 0x0000000088100000, 0x0000000088200000|  0%| F|  |TS  0|AC  0|TAMS 0x0000000088100000, 0x0000000088100000|
| 100|0x0000000088200000, 0x0000000088200000, 0x0000000088300000|  0%| F|  |TS  0|AC  0|TAMS 0x0000000088200000, 0x0000000088200000|
| 101|0x0000000088300000, 0x0000000088300000, 0x0000000088400000|  0%| F|  |TS  0|AC  0|TAMS 0x0000000088300000, 0x0000000088300000|
| 102|0x0000000088400000, 0x0000000088400000, 0x0000000088500000|  0%| F|  |TS  0|AC  0|TAMS 0x0000000088400000, 0x0000000088400000|
| 103|0x0000000088500000, 0x0000000088500000, 0x0000000088600000|  0%| F|  |TS  0|AC  0|TAMS 0x0000000088500000, 0x0000000088500000|
| 104|0x0000000088600000, 0x0000000088600000, 0x0000000088700000|  0%| F|  |TS  0|AC  0|TAMS 0x0000000088600000, 0x0000000088600000|
| 105|0x0000000088700000, 0x0000000088700000, 0x0000000088800000|  0%| F|  |TS  0|AC  0|TAMS 0x0000000088700000, 0x0000000088700000|
| 106|0x0000000088800000, 0x0000000088800000, 0x0000000088900000|  0%| F|  |TS  0|AC  0|TAMS 0x0000000088800000, 0x0000000088800000|
| 107|0x0000000088900000, 0x0000000088900000, 0x0000000088a00000|  0%| F|  |TS  0|AC  0|TAMS 0x0000000088900000, 0x0000000088900000|
| 108|0x0000000088a00000, 0x0000000088a00000, 0x0000000088b00000|  0%| F|  |TS  0|AC  0|TAMS 0x0000000088a00000, 0x0000000088a00000|
| 109|0x0000000088b00000, 0x0000000088b00000, 0x0000000088c00000|  0%| F|  |TS  0|AC  0|TAMS 0x0000000088b00000, 0x0000000088b00000|
| 110|0x0000000088c00000, 0x0000000088c00000, 0x0000000088d00000|  0%| F|  |TS  0|AC  0|TAMS 0x0000000088c00000, 0x0000000088c00000|
| 111|0x0000000088d00000, 0x0000000088d00000, 0x0000000088e00000|  0%| F|  |TS  0|AC  0|TAMS 0x0000000088d00000, 0x0000000088d00000|
| 112|0x0000000088e00000, 0x0000000088e00000, 0x0000000088f00000|  0%| F|  |TS  0|AC  0|TAMS 0x0000000088e00000, 0x0000000088e00000|
| 113|0x0000000088f00000, 0x0000000088f00000, 0x0000000089000000|  0%| F|  |TS  0|AC  0|TAMS 0x0000000088f00000, 0x0000000088f00000|
| 114|0x0000000089000000, 0x0000000089000000, 0x0000000089100000|  0%| F|  |TS  0|AC  0|TAMS 0x0000000089000000, 0x0000000089000000|
| 115|0x0000000089100000, 0x0000000089100000, 0x0000000089200000|  0%| F|  |TS  0|AC  0|TAMS 0x0000000089100000, 0x0000000089100000|
| 116|0x0000000089200000, 0x0000000089200000, 0x0000000089300000|  0%| F|  |TS  0|AC  0|TAMS 0x0000000089200000, 0x0000000089200000|
| 117|0x0000000089300000, 0x0000000089300000, 0x0000000089400000|  0%| F|  |TS  0|AC  0|TAMS 0x0000000089300000, 0x0000000089300000|
| 118|0x0000000089400000, 0x0000000089400000, 0x0000000089500000|  0%| F|  |TS  0|AC  0|TAMS 0x0000000089400000, 0x0000000089400000|
| 119|0x0000000089500000, 0x0000000089500000, 0x0000000089600000|  0%| F|  |TS  0|AC  0|TAMS 0x0000000089500000, 0x0000000089500000|
| 120|0x0000000089600000, 0x0000000089600000, 0x0000000089700000|  0%| F|  |TS  0|AC  0|TAMS 0x0000000089600000, 0x0000000089600000|
| 121|0x0000000089700000, 0x0000000089700000, 0x0000000089800000|  0%| F|  |TS  0|AC  0|TAMS 0x0000000089700000, 0x0000000089700000|
| 122|0x0000000089800000, 0x000000008987c860, 0x0000000089900000| 48%| E|  |TS  0|AC  0|TAMS 0x0000000089800000, 0x0000000089800000|
| 123|0x0000000089900000, 0x0000000089a00000, 0x0000000089a00000|100%| E|CS|TS  0|AC  0|TAMS 0x0000000089900000, 0x0000000089900000|
| 124|0x0000000089a00000, 0x0000000089b00000, 0x0000000089b00000|100%| E|CS|TS  0|AC  0|TAMS 0x0000000089a00000, 0x0000000089a00000|
| 125|0x0000000089b00000, 0x0000000089c00000, 0x0000000089c00000|100%| E|CS|TS  0|AC  0|TAMS 0x0000000089b00000, 0x0000000089b00000|
| 126|0x0000000089c00000, 0x0000000089d00000, 0x0000000089d00000|100%| E|CS|TS  0|AC  0|TAMS 0x0000000089c00000, 0x0000000089c00000|
| 127|0x0000000089d00000, 0x0000000089e00000, 0x0000000089e00000|100%| E|CS|TS  0|AC  0|TAMS 0x0000000089d00000, 0x0000000089d00000|

Card table byte_map: [0x0000023eff740000,0x0000023effb40000] byte_map_base: 0x0000023eff331000

Marking Bits (Prev, Next): (CMBitMap*) 0x0000023ee2dc8280, (CMBitMap*) 0x0000023ee2dc82b8
 Prev Bits: [0x0000023e80000000, 0x0000023e81f88000)
 Next Bits: [0x0000023e81f90000, 0x0000023e83f18000)

Polling page: 0x0000023ee2b90000

CodeHeap 'non-profiled nmethods': size=120000Kb used=141Kb max_used=141Kb free=119858Kb
 bounds [0x0000023ef73b0000, 0x0000023ef7620000, 0x0000023efe8e0000]
CodeHeap 'profiled nmethods': size=120000Kb used=632Kb max_used=632Kb free=119367Kb
 bounds [0x0000023eefe80000, 0x0000023ef00f0000, 0x0000023ef73b0000]
CodeHeap 'non-nmethods': size=5760Kb used=1135Kb max_used=1144Kb free=4624Kb
 bounds [0x0000023eef8e0000, 0x0000023eefb50000, 0x0000023eefe80000]
 total_blobs=877 nmethods=441 adapters=261
 compilation: enabled

Compilation events (10 events):
Event: 11.192 Thread 0x0000023e87314000  437       3       java.util.regex.CharPredicates::lambda$ASCII_DIGIT$15 (20 bytes)
Event: 11.192 Thread 0x0000023e87314000 nmethod 437 0x0000023eeff1c410 code [0x0000023eeff1c5c0, 0x0000023eeff1c858]
Event: 11.192 Thread 0x0000023e87314000  438       3       java.util.regex.ASCII::isDigit (18 bytes)
Event: 11.192 Thread 0x0000023e87314000 nmethod 438 0x0000023eeff1c910 code [0x0000023eeff1cac0, 0x0000023eeff1cc78]
Event: 745.605 Thread 0x0000023e87314000  439       3       java.util.regex.Matcher::start (22 bytes)
Event: 745.606 Thread 0x0000023e87314000 nmethod 439 0x0000023eeff1cd10 code [0x0000023eeff1cee0, 0x0000023eeff1d170]
Event: 2947.282 Thread 0x0000023e87314000  440       3       java.util.regex.Pattern$BmpCharPredicate$$Lambda$4/2034688500::is (13 bytes)
Event: 2947.282 Thread 0x0000023e87314000 nmethod 440 0x0000023eeff1d290 code [0x0000023eeff1d480, 0x0000023eeff1d880]
Event: 2947.282 Thread 0x0000023e87314000  441       3       java.util.regex.Pattern$BmpCharPredicate::lambda$union$2 (26 bytes)
Event: 2947.282 Thread 0x0000023e87314000 nmethod 441 0x0000023eeff1da10 code [0x0000023eeff1dbe0, 0x0000023eeff1df60]

GC Heap History (0 events):
No events

Deoptimization events (2 events):
Event: 0.201 Thread 0x0000023ee2d26000 Uncommon trap: reason=unstable_if action=reinterpret pc=0x0000023ef73b30a8 method=java.lang.String.hashCode()I @ 14 c2
Event: 0.359 Thread 0x0000023ee2d26000 Uncommon trap: reason=unstable_if action=reinterpret pc=0x0000023ef73c2174 method=java.lang.String.isLatin1()Z @ 10 c2

Classes redefined (6 events):
Event: 148.156 Thread 0x0000023e86985000 redefined class name=Main, count=1
Event: 148.157 Thread 0x0000023e86985000 redefined class name=SyntacticAnalyzer, count=1
Event: 745.573 Thread 0x0000023e86985000 redefined class name=SyntacticAnalyzer, count=2
Event: 2947.267 Thread 0x0000023e86985000 redefined class name=SyntacticAnalyzer, count=3
Event: 3196.575 Thread 0x0000023e86985000 redefined class name=SyntacticAnalyzer, count=4
Event: 3531.702 Thread 0x0000023e86985000 redefined class name=SyntacticAnalyzer, count=5

Internal exceptions (1 events):
Event: 0.328 Thread 0x0000023ee2d26000 Exception <a 'java/lang/NoSuchMethodError'{0x0000000089904310}: java.lang.Object.lambda$union$2(Ljava/util/regex/Pattern$CharPredicate;I)Z> (0x0000000089904310) thrown at [t:/workspace/open/src/hotspot/share/interpreter/linkResolver.cpp, line 741]

Events (10 events):
Event: 3531.714 Executing VM operation: ChangeBreakpoints done
Event: 3531.714 Executing VM operation: ChangeBreakpoints
Event: 3531.714 Executing VM operation: ChangeBreakpoints done
Event: 3531.715 Executing VM operation: GetFrameCount
Event: 3531.715 Executing VM operation: GetFrameCount done
Event: 3531.715 Executing VM operation: GetFrameLocation
Event: 3531.715 Executing VM operation: GetFrameLocation done
Event: 3531.716 Executing VM operation: GetFrameLocation
Event: 3531.716 Executing VM operation: GetFrameLocation done
Event: 3531.716 Executing VM operation: GetOrSetLocal


Dynamic libraries:
0x00007ff6b1190000 - 0x00007ff6b11ce000 	C:\Program Files\Java\jdk-10.0.2\bin\java.exe
0x00007ffc2a2c0000 - 0x00007ffc2a4a1000 	C:\Windows\SYSTEM32\ntdll.dll
0x00007ffc29010000 - 0x00007ffc290c2000 	C:\Windows\System32\KERNEL32.DLL
0x00007ffc26a80000 - 0x00007ffc26cf3000 	C:\Windows\System32\KERNELBASE.dll
0x00007ffc28c70000 - 0x00007ffc28d11000 	C:\Windows\System32\ADVAPI32.dll
0x00007ffc28f70000 - 0x00007ffc2900e000 	C:\Windows\System32\msvcrt.dll
0x00007ffc29ee0000 - 0x00007ffc29f3b000 	C:\Windows\System32\sechost.dll
0x00007ffc28e40000 - 0x00007ffc28f64000 	C:\Windows\System32\RPCRT4.dll
0x00007ffc29940000 - 0x00007ffc29ad0000 	C:\Windows\System32\USER32.dll
0x00007ffc26890000 - 0x00007ffc268b0000 	C:\Windows\System32\win32u.dll
0x00007ffc2a260000 - 0x00007ffc2a288000 	C:\Windows\System32\GDI32.dll
0x00007ffc26690000 - 0x00007ffc26822000 	C:\Windows\System32\gdi32full.dll
0x00007ffc26db0000 - 0x00007ffc26e4f000 	C:\Windows\System32\msvcp_win.dll
0x00007ffc26900000 - 0x00007ffc269fa000 	C:\Windows\System32\ucrtbase.dll
0x00007ffc144e0000 - 0x00007ffc14749000 	C:\Windows\WinSxS\amd64_microsoft.windows.common-controls_6595b64144ccf1df_6.0.17134.345_none_fb429a5930656358\COMCTL32.dll
0x00007ffc29610000 - 0x00007ffc29933000 	C:\Windows\System32\combase.dll
0x00007ffc162b0000 - 0x00007ffc162ba000 	C:\Windows\SYSTEM32\VERSION.dll
0x00007ffc26a00000 - 0x00007ffc26a7a000 	C:\Windows\System32\bcryptPrimitives.dll
0x00007ffc28b90000 - 0x00007ffc28bbd000 	C:\Windows\System32\IMM32.DLL
0x00007ffc17e20000 - 0x00007ffc17f0f000 	C:\Program Files\Java\jdk-10.0.2\bin\msvcr120.dll
0x00007ffc20140000 - 0x00007ffc201e6000 	C:\Program Files\Java\jdk-10.0.2\bin\msvcp120.dll
0x00000000561c0000 - 0x0000000056c30000 	C:\Program Files\Java\jdk-10.0.2\bin\server\jvm.dll
0x00007ffc28d40000 - 0x00007ffc28d48000 	C:\Windows\System32\PSAPI.DLL
0x00007ffc0d9a0000 - 0x00007ffc0d9a9000 	C:\Windows\SYSTEM32\WSOCK32.dll
0x00007ffc24410000 - 0x00007ffc24433000 	C:\Windows\SYSTEM32\WINMM.dll
0x00007ffc29d10000 - 0x00007ffc29d7c000 	C:\Windows\System32\WS2_32.dll
0x00007ffc243e0000 - 0x00007ffc2440a000 	C:\Windows\SYSTEM32\winmmbase.dll
0x00007ffc268b0000 - 0x00007ffc268f9000 	C:\Windows\System32\cfgmgr32.dll
0x00007ffc244b0000 - 0x00007ffc244bf000 	C:\Program Files\Java\jdk-10.0.2\bin\verify.dll
0x00007ffc25040000 - 0x00007ffc25209000 	C:\Windows\SYSTEM32\DBGHELP.DLL
0x00007ffc0a170000 - 0x00007ffc0a199000 	C:\Windows\SYSTEM32\dbgcore.DLL
0x00007ffc22b90000 - 0x00007ffc22bb7000 	C:\Program Files\Java\jdk-10.0.2\bin\java.dll
0x00007ffc140d0000 - 0x00007ffc14106000 	C:\Program Files\Java\jdk-10.0.2\bin\jdwp.dll
0x00007ffc22a90000 - 0x00007ffc22aba000 	C:\Program Files\Java\jdk-10.0.2\bin\instrument.dll
0x00007ffc22b70000 - 0x00007ffc22b86000 	C:\Program Files\Java\jdk-10.0.2\bin\zip.dll
0x00007ffc22b60000 - 0x00007ffc22b6a000 	C:\Program Files\Java\jdk-10.0.2\bin\jimage.dll
0x00007ffc27750000 - 0x00007ffc28b8f000 	C:\Windows\System32\SHELL32.dll
0x00007ffc28bc0000 - 0x00007ffc28c69000 	C:\Windows\System32\shcore.dll
0x00007ffc26e50000 - 0x00007ffc2755d000 	C:\Windows\System32\windows.storage.dll
0x00007ffc29c50000 - 0x00007ffc29ca1000 	C:\Windows\System32\shlwapi.dll
0x00007ffc265d0000 - 0x00007ffc265e1000 	C:\Windows\System32\kernel.appcore.dll
0x00007ffc26640000 - 0x00007ffc2665f000 	C:\Windows\System32\profapi.dll
0x00007ffc265f0000 - 0x00007ffc2663c000 	C:\Windows\System32\powrprof.dll
0x00007ffc26680000 - 0x00007ffc2668a000 	C:\Windows\System32\FLTLIB.DLL
0x00007ffc21240000 - 0x00007ffc2124a000 	C:\Program Files\Java\jdk-10.0.2\bin\dt_socket.dll
0x00007ffc25df0000 - 0x00007ffc25e56000 	C:\Windows\system32\mswsock.dll
0x00007ffc21100000 - 0x00007ffc2111a000 	C:\Program Files\Java\jdk-10.0.2\bin\net.dll
0x00007ffc24cf0000 - 0x00007ffc24dcc000 	C:\Windows\SYSTEM32\WINHTTP.dll
0x00007ffc140b0000 - 0x00007ffc140c1000 	C:\Program Files\Java\jdk-10.0.2\bin\nio.dll

dbghelp: loaded successfully - version: 4.0.5 - missing functions: none
symbol engine: initialized successfully - sym options: 0x614 - pdb path: .;C:\Program Files\Java\jdk-10.0.2\bin;C:\Windows\SYSTEM32;C:\Windows\WinSxS\amd64_microsoft.windows.common-controls_6595b64144ccf1df_6.0.17134.345_none_fb429a5930656358;C:\Program Files\Java\jdk-10.0.2\bin\server

VM Arguments:
jvm_args: -agentlib:jdwp=transport=dt_socket,address=127.0.0.1:56106,suspend=y,server=n -javaagent:C:\Users\38066\.IntelliJIdea2018.2\system\captureAgent\debugger-agent.jar=file:/C:/Users/38066/AppData/Local/Temp/capture.props -Dfile.encoding=UTF-8 
java_command: Main
java_class_path (initial): C:\Users\38066\IdeaProjects\SP_lab3_Osievskaya\out\production\SP_lab3_Osievskaya;C:\Program Files\JetBrains\IntelliJ IDEA 2018.2.3\lib\idea_rt.jar
Launcher Type: SUN_STANDARD

Logging:
Log output configuration:
#0: stdout all=warning uptime,level,tags
#1: stderr all=off uptime,level,tags

Environment Variables:
PATH=C:\Program Files (x86)\Common Files\Oracle\Java\javapath;C:\Windows\system32;C:\Windows;C:\Windows\System32\Wbem;C:\Windows\System32\WindowsPowerShell\v1.0\;C:\Windows\System32\OpenSSH\;c:\altera\91\quartus\bin;E:\Git\cmd;C:\Program Files\dotnet\;C:\Users\38066\AppData\Local\Microsoft\WindowsApps;;C:\Users\38066\AppData\Local\Programs\Microsoft VS Code\bin;C:\Users\38066\.dotnet\tools
USERNAME=38066
OS=Windows_NT
PROCESSOR_IDENTIFIER=Intel64 Family 6 Model 142 Stepping 10, GenuineIntel



---------------  S Y S T E M  ---------------

OS: Windows 10 , 64 bit Build 17134 (10.0.17134.1)

CPU:total 8 (initial active 8) (4 cores per cpu, 2 threads per core) family 6 model 142 stepping 10, cmov, cx8, fxsr, mmx, sse, sse2, sse3, ssse3, sse4.1, sse4.2, popcnt, avx, avx2, aes, clmul, erms, 3dnowpref, lzcnt, ht, tsc, tscinvbit, bmi1, bmi2, adx, fma

Memory: 4k page, physical 8260236k(2143852k free), swap 16442312k(2466348k free)

vm_info: Java HotSpot(TM) 64-Bit Server VM (10.0.2+13) for windows-amd64 JRE (10.0.2+13), built on Jun 28 2018 01:57:56 by "mach5one" with MS VC++ 12.0 (VS2013)

END.
